maced.MacedStressSimulation	macedstresssimulation	RUN	1448903092580	 	2.0
Login And View Resources	318626714868271183-0	USER	START	1448903092598	0
Login And View Resources	318626714868271183-0	REQUEST		Go To Home Page	1448903092629	1448903092757	1448903097465	1448903097471	OK	 
Login And View Resources	318626714868271183-0	REQUEST		?dm=27bac6181890453140bce750f0370dbc&action=load&blogid=28&siteid=1&t=471805851&back=https%3A%2F%2Fskillful-uat.macmillan.education%2F	1448903097578	1448903097705	1448903099180	1448903099180	OK	 
Login And View Resources	318626714868271183-0	REQUEST		Click On Login Button	1448903100204	1448903100415	1448903100560	1448903100560	OK	 
Login And View Resources	318626714868271183-0	REQUEST	Submit Valid Login Details	postLoginDetails	1448903101574	1448903101576	1448903102360	1448903102360	OK	 
Login And View Resources	318626714868271183-0	REQUEST	Submit Valid Login Details	getResourceList1	1448903102365	1448903102366	1448903102406	1448903102406	OK	 
Login And View Resources	318626714868271183-0	REQUEST	Submit Valid Login Details	getResourceList2	1448903102366	1448903102399	1448903102494	1448903102494	OK	 
Login And View Resources	318626714868271183-0	REQUEST	Submit Valid Login Details	getResourceList3	1448903102368	1448903102398	1448903102514	1448903102514	OK	 
Login And View Resources	318626714868271183-0	REQUEST	Submit Valid Login Details	getResourcePage	1448903102364	1448903102365	1448903102745	1448903102745	OK	 
Login And View Resources	318626714868271183-0	REQUEST	Submit Valid Login Details	getResourcePage Redirect 1	1448903102747	1448903102748	1448903106232	1448903106237	KO	regex(LS1).find(0).exists, found nothing
Login And View Resources	318626714868271183-0	GROUP	Submit Valid Login Details	1448903101572	1448903106253	4676	4	1	KO
Login And View Resources	318626714868271183-0	REQUEST	Go To The ResourcePage	postRDC	1448903106254	1448903106255	1448903106303	1448903106303	OK	 
Login And View Resources	318626714868271183-0	REQUEST	Go To The ResourcePage	postResourceCheck2	1448903106307	1448903106308	1448903106345	1448903106345	OK	 
Login And View Resources	318626714868271183-0	REQUEST	Go To The ResourcePage	postResourceCheck1	1448903106306	1448903106307	1448903106347	1448903106347	OK	 
Login And View Resources	318626714868271183-0	REQUEST	Go To The ResourcePage	getResources2	1448903106402	1448903106530	1448903106547	1448903106547	OK	 
Login And View Resources	318626714868271183-0	REQUEST	Go To The ResourcePage	getResources1	1448903106309	1448903106530	1448903106548	1448903106548	OK	 
Login And View Resources	318626714868271183-0	REQUEST	Go To The ResourcePage	getResourcePage	1448903106306	1448903106306	1448903106581	1448903106581	OK	 
Login And View Resources	318626714868271183-0	REQUEST	Go To The ResourcePage	getResourcePage Redirect 1	1448903106582	1448903106582	1448903111025	1448903111032	OK	 
Login And View Resources	318626714868271183-0	GROUP	Go To The ResourcePage	1448903106254	1448903111033	4777	6	0	OK
Login And View Resources	318626714868271183-0	USER	END	1448903092598	1448903111038
