maced.MacedStressSimulation	macedstresssimulation	RUN	1448902688399	 	2.0
Login And View Resources	5296324272148561740-0	USER	START	1448902688418	0
Login And View Resources	5296324272148561740-0	REQUEST		Go To Home Page	1448902688449	1448902688563	1448902691979	1448902691985	OK	 
Login And View Resources	5296324272148561740-0	REQUEST		?dm=27bac6181890453140bce750f0370dbc&action=load&blogid=28&siteid=1&t=190449402&back=https%3A%2F%2Fskillful-uat.macmillan.education%2F	1448902692094	1448902692201	1448902692568	1448902692568	OK	 
Login And View Resources	5296324272148561740-0	REQUEST		Click On Login Button	1448902693594	1448902693725	1448902693798	1448902693798	OK	 
Login And View Resources	5296324272148561740-0	REQUEST	Submit Valid Login Details	postLoginDetails	1448902694805	1448902694806	1448902695384	1448902695384	OK	 
Login And View Resources	5296324272148561740-0	REQUEST	Submit Valid Login Details	getResourceList1	1448902695389	1448902695390	1448902695445	1448902695445	OK	 
Login And View Resources	5296324272148561740-0	REQUEST	Submit Valid Login Details	getResourceList3	1448902695392	1448902695428	1448902695522	1448902695522	OK	 
Login And View Resources	5296324272148561740-0	REQUEST	Submit Valid Login Details	getResourceList2	1448902695390	1448902695428	1448902695524	1448902695524	OK	 
Login And View Resources	5296324272148561740-0	REQUEST	Submit Valid Login Details	getResourcePage	1448902695387	1448902695389	1448902695637	1448902695637	OK	 
Login And View Resources	5296324272148561740-0	REQUEST	Submit Valid Login Details	getResourcePage Redirect 1	1448902695639	1448902695640	1448902699174	1448902699179	OK	 
Login And View Resources	5296324272148561740-0	GROUP	Submit Valid Login Details	1448902694803	1448902699187	4379	5	0	OK
Login And View Resources	5296324272148561740-0	REQUEST	Go To The ResourcePage	postRDC	1448902699188	1448902699189	1448902699242	1448902699242	OK	 
Login And View Resources	5296324272148561740-0	REQUEST	Go To The ResourcePage	postResourceCheck2	1448902699247	1448902699248	1448902699311	1448902699311	OK	 
Login And View Resources	5296324272148561740-0	REQUEST	Go To The ResourcePage	postResourceCheck1	1448902699245	1448902699247	1448902699313	1448902699313	OK	 
Login And View Resources	5296324272148561740-0	REQUEST	Go To The ResourcePage	getResources1	1448902699248	1448902699400	1448902699418	1448902699418	OK	 
Login And View Resources	5296324272148561740-0	REQUEST	Go To The ResourcePage	getResources2	1448902699271	1448902699401	1448902699419	1448902699419	OK	 
Login And View Resources	5296324272148561740-0	REQUEST	Go To The ResourcePage	getResourcePage	1448902699244	1448902699245	1448902699635	1448902699635	OK	 
Login And View Resources	5296324272148561740-0	REQUEST	Go To The ResourcePage	getResourcePage Redirect 1	1448902699636	1448902699637	1448902702611	1448902702616	KO	regex(Skillful Level 1).find(0).exists, found nothing
Login And View Resources	5296324272148561740-0	GROUP	Go To The ResourcePage	1448902699187	1448902702623	3433	5	1	KO
Login And View Resources	5296324272148561740-0	USER	END	1448902688418	1448902702628
