maced.MacedStressSimulation	macedstresssimulation	RUN	1449062781262	 	2.0
Login And View Resources	1861590075559854674-0	USER	START	1449062781283	0
Login And View Resources	1861590075559854674-0	REQUEST		Go To Home Page	1449062781314	1449062781438	1449062784224	1449062784229	OK	 
Login And View Resources	1861590075559854674-0	REQUEST		fastclick.js	1449062784435	1449062784436	1449062784535	1449062784536	OK	 
Login And View Resources	1861590075559854674-0	REQUEST		settings_uat.js	1449062784432	1449062784609	1449062784639	1449062784639	OK	 
Login And View Resources	1861590075559854674-0	REQUEST		scripts.js	1449062784436	1449062784524	1449062784640	1449062784640	OK	 
Login And View Resources	1861590075559854674-0	REQUEST		jquery.form.min.js	1449062784439	1449062784526	1449062784646	1449062784646	OK	 
Login And View Resources	1861590075559854674-0	REQUEST		gbn8cte.js	1449062784446	1449062784622	1449062784644	1449062784653	OK	 
Login And View Resources	1861590075559854674-0	REQUEST		scripts.js	1449062784442	1449062784526	1449062784658	1449062784658	OK	 
Login And View Resources	1861590075559854674-0	REQUEST		client.js	1449062784444	1449062784526	1449062784675	1449062784675	OK	 
Login And View Resources	1861590075559854674-0	REQUEST		jquery-1.11.3.min.js	1449062784478	1449062784645	1449062784681	1449062784688	OK	 
Login And View Resources	1861590075559854674-0	REQUEST		main-latest.js	1449062784508	1449062784768	1449062784816	1449062784816	OK	 
Login And View Resources	1861590075559854674-0	REQUEST		functions-uat.js	1449062784342	1449062784608	1449062784730	1449062784997	OK	 
Login And View Resources	1861590075559854674-0	REQUEST		main-latest.js Redirect 1	1449062784818	1449062784819	1449062784907	1449062785103	OK	 
Login And View Resources	1861590075559854674-0	REQUEST		?dm=27bac6181890453140bce750f0370dbc&action=load&blogid=28&siteid=1&t=2128064384&back=https%3A%2F%2Fskillful-uat.macmillan.education%2F	1449062784610	1449062784798	1449062785170	1449062785170	OK	 
Login And View Resources	1861590075559854674-0	REQUEST		Click On Login Button	1449062786198	1449062786347	1449062786421	1449062786421	OK	 
Login And View Resources	1861590075559854674-0	REQUEST	Submit Valid Login Details	postLoginDetails	1449062787429	1449062787430	1449062788071	1449062788071	OK	 
Login And View Resources	1861590075559854674-0	REQUEST	Submit Valid Login Details	getResourcePage	1449062788075	1449062788076	1449062788311	1449062788311	OK	 
Login And View Resources	1861590075559854674-0	REQUEST	Submit Valid Login Details	getResourcePage Redirect 1	1449062788317	1449062788318	1449062790378	1449062790379	OK	 
Login And View Resources	1861590075559854674-0	GROUP	Submit Valid Login Details	1449062787427	1449062790388	2955	2	0	OK
Login And View Resources	1861590075559854674-0	REQUEST	Go To The ResourcePage	postRDC	1449062790389	1449062790390	1449062790454	1449062790454	OK	 
Login And View Resources	1861590075559854674-0	REQUEST	Go To The ResourcePage	getResourcePage	1449062790759	1449062790760	1449062791135	1449062791135	OK	 
Login And View Resources	1861590075559854674-0	REQUEST	Go To The ResourcePage	getResourcePage Redirect 1	1449062791136	1449062791137	1449062794660	1449062794661	OK	 
Login And View Resources	1861590075559854674-0	REQUEST	Go To The ResourcePage	settings_uat.js Redirect 1	1449062794682	1449062794683	1449062794691	1449062794691	OK	 
Login And View Resources	1861590075559854674-0	REQUEST	Go To The ResourcePage	fastclick.js Redirect 1	1449062794677	1449062794678	1449062794700	1449062794700	OK	 
Login And View Resources	1861590075559854674-0	REQUEST	Go To The ResourcePage	scripts.js Redirect 1	1449062794679	1449062794679	1449062794700	1449062794700	OK	 
Login And View Resources	1861590075559854674-0	REQUEST	Go To The ResourcePage	scripts.js Redirect 1	1449062794680	1449062794681	1449062794701	1449062794701	OK	 
Login And View Resources	1861590075559854674-0	REQUEST	Go To The ResourcePage	jquery.form.min.js Redirect 1	1449062794679	1449062794680	1449062794713	1449062794713	OK	 
Login And View Resources	1861590075559854674-0	REQUEST	Go To The ResourcePage	client.js Redirect 1	1449062794681	1449062794681	1449062794714	1449062794714	OK	 
Login And View Resources	1861590075559854674-0	REQUEST	Go To The ResourcePage	functions-uat.js Redirect 1	1449062794681	1449062794682	1449062794847	1449062794847	OK	 
Login And View Resources	1861590075559854674-0	REQUEST	Go To The ResourcePage	main-latest.js Redirect 2	1449062794684	1449062794684	1449062794848	1449062794919	OK	 
Login And View Resources	1861590075559854674-0	REQUEST	Go To The ResourcePage	?dm=27bac6181890453140bce750f0370dbc&action=load&blogid=28&siteid=1&t=1805407782&back=https%3A%2F%2Fskillful-uat.macmillan.education%2F Redirect 1	1449062794683	1449062794684	1449062794973	1449062794973	OK	 
Login And View Resources	1861590075559854674-0	GROUP	Go To The ResourcePage	1449062790388	1449062794974	8326	24	0	OK
Login And View Resources	1861590075559854674-0	USER	END	1449062781283	1449062794983
