maced.MacedStressSimulation	macedstresssimulation	RUN	1448905404745	 	2.0
Login And View Resources	1670899007277187859-0	USER	START	1448905404768	0
Login And View Resources	1670899007277187859-0	REQUEST		Go To Home Page	1448905404795	1448905404923	1448905408515	1448905408521	OK	 
Login And View Resources	1670899007277187859-0	REQUEST		?dm=27bac6181890453140bce750f0370dbc&action=load&blogid=28&siteid=1&t=1417177401&back=https%3A%2F%2Fskillful-uat.macmillan.education%2F	1448905408643	1448905408770	1448905409201	1448905409201	OK	 
Login And View Resources	1670899007277187859-0	REQUEST		Click On Login Button	1448905410227	1448905410434	1448905410546	1448905410546	OK	 
Login And View Resources	1670899007277187859-0	REQUEST	Submit Valid Login Details	postLoginDetails	1448905411554	1448905411555	1448905412269	1448905412269	OK	 
Login And View Resources	1670899007277187859-0	REQUEST	Submit Valid Login Details	getResourceList1	1448905412274	1448905412275	1448905412315	1448905412315	OK	 
Login And View Resources	1670899007277187859-0	REQUEST	Submit Valid Login Details	getResourceList2	1448905412275	1448905412317	1448905412424	1448905412424	OK	 
Login And View Resources	1670899007277187859-0	REQUEST	Submit Valid Login Details	getResourceList3	1448905412277	1448905412317	1448905412442	1448905412442	OK	 
Login And View Resources	1670899007277187859-0	REQUEST	Submit Valid Login Details	getResourcePage	1448905412273	1448905412274	1448905412652	1448905412652	OK	 
Login And View Resources	1670899007277187859-0	REQUEST	Submit Valid Login Details	getResourcePage Redirect 1	1448905412654	1448905412655	1448905416356	1448905416361	KO	regex(LS1).find(0).exists, found nothing
Login And View Resources	1670899007277187859-0	GROUP	Submit Valid Login Details	1448905411553	1448905416377	4820	4	1	KO
Login And View Resources	1670899007277187859-0	REQUEST	Go To The ResourcePage	postRDC	1448905416378	1448905416379	1448905416574	1448905416574	OK	 
Login And View Resources	1670899007277187859-0	REQUEST	Go To The ResourcePage	postResourceCheck1	1448905416578	1448905416579	1448905416630	1448905416630	OK	 
Login And View Resources	1670899007277187859-0	REQUEST	Go To The ResourcePage	postResourceCheck2	1448905416579	1448905416581	1448905416634	1448905416634	OK	 
Login And View Resources	1670899007277187859-0	REQUEST	Go To The ResourcePage	getResources1	1448905416581	1448905416801	1448905416817	1448905416817	OK	 
Login And View Resources	1670899007277187859-0	REQUEST	Go To The ResourcePage	getResources2	1448905416677	1448905416816	1448905416832	1448905416832	OK	 
Login And View Resources	1670899007277187859-0	REQUEST	Go To The ResourcePage	getResourcePage	1448905416577	1448905416578	1448905416931	1448905416931	OK	 
Login And View Resources	1670899007277187859-0	REQUEST	Go To The ResourcePage	getResourcePage Redirect 1	1448905416931	1448905416932	1448905420399	1448905420404	OK	 
Login And View Resources	1670899007277187859-0	GROUP	Go To The ResourcePage	1448905416377	1448905420406	4026	6	0	OK
Login And View Resources	1670899007277187859-0	USER	END	1448905404768	1448905420411
