maced.MacedStressSimulation	macedstresssimulation	RUN	1448905702655	 	2.0
Login And View Resources	5898767206615661563-0	USER	START	1448905702672	0
Login And View Resources	5898767206615661563-0	REQUEST		Go To Home Page	1448905702703	1448905702816	1448905706436	1448905706442	OK	 
Login And View Resources	5898767206615661563-0	REQUEST		?dm=27bac6181890453140bce750f0370dbc&action=load&blogid=28&siteid=1&t=463444074&back=https%3A%2F%2Fskillful-uat.macmillan.education%2F	1448905706550	1448905706657	1448905707053	1448905707053	OK	 
Login And View Resources	5898767206615661563-0	REQUEST		Click On Login Button	1448905708088	1448905708218	1448905708273	1448905708273	OK	 
Login And View Resources	5898767206615661563-0	REQUEST	Submit Valid Login Details	postLoginDetails	1448905709278	1448905709279	1448905710020	1448905710020	OK	 
Login And View Resources	5898767206615661563-0	REQUEST	Submit Valid Login Details	getResourceList1	1448905710025	1448905710026	1448905710144	1448905710144	OK	 
Login And View Resources	5898767206615661563-0	REQUEST	Submit Valid Login Details	getResourceList3	1448905710028	1448905710059	1448905710178	1448905710178	OK	 
Login And View Resources	5898767206615661563-0	REQUEST	Submit Valid Login Details	getResourceList2	1448905710026	1448905710057	1448905710215	1448905710215	OK	 
Login And View Resources	5898767206615661563-0	REQUEST	Submit Valid Login Details	getResourcePage	1448905710023	1448905710025	1448905710242	1448905710242	OK	 
Login And View Resources	5898767206615661563-0	REQUEST	Submit Valid Login Details	getResourcePage Redirect 1	1448905710244	1448905710245	1448905713561	1448905713567	OK	 
Login And View Resources	5898767206615661563-0	REQUEST	Submit Valid Login Details	CheckReources	1448905713575	1448905713575	1448905713840	1448905713840	OK	 
Login And View Resources	5898767206615661563-0	REQUEST	Submit Valid Login Details	CheckReources Redirect 1	1448905713841	1448905713842	1448905717172	1448905717177	OK	 
Login And View Resources	5898767206615661563-0	REQUEST	Submit Valid Login Details	?dm=27bac6181890453140bce750f0370dbc&action=load&blogid=28&siteid=1&t=1110715308&back=https%3A%2F%2Fskillful-uat.macmillan.education%2F Redirect 1	1448905717189	1448905717190	1448905717439	1448905717439	OK	 
Login And View Resources	5898767206615661563-0	GROUP	Submit Valid Login Details	1448905709276	1448905717439	8674	10	0	OK
Login And View Resources	5898767206615661563-0	REQUEST	Go To The ResourcePage	postRDC	1448905717441	1448905717442	1448905717516	1448905717516	OK	 
Login And View Resources	5898767206615661563-0	REQUEST	Go To The ResourcePage	postResourceCheck1	1448905717520	1448905717521	1448905717565	1448905717565	OK	 
Login And View Resources	5898767206615661563-0	REQUEST	Go To The ResourcePage	postResourceCheck2	1448905717521	1448905717522	1448905717579	1448905717579	OK	 
Login And View Resources	5898767206615661563-0	REQUEST	Go To The ResourcePage	getResources2	1448905717546	1448905717674	1448905717693	1448905717693	OK	 
Login And View Resources	5898767206615661563-0	REQUEST	Go To The ResourcePage	getResources1	1448905717522	1448905717674	1448905717693	1448905717693	OK	 
Login And View Resources	5898767206615661563-0	REQUEST	Go To The ResourcePage	getResourcePage	1448905717519	1448905717520	1448905717725	1448905717725	OK	 
Login And View Resources	5898767206615661563-0	REQUEST	Go To The ResourcePage	getResourcePage Redirect 1	1448905717726	1448905717727	1448905721080	1448905721082	OK	 
Login And View Resources	5898767206615661563-0	GROUP	Go To The ResourcePage	1448905717440	1448905721084	3640	6	0	OK
Login And View Resources	5898767206615661563-0	USER	END	1448905702672	1448905721090
