computerdatabase.advanced.AdvancedSimulationStep04	5	RUN	1446483865485	test without simulated failures	2.0
Users	5836774626851732932-0	USER	START	1446483865504	0
Admins	5836774626851732932-10	USER	START	1446483865508	0
Admins	5836774626851732932-10	REQUEST		Home	1446483865539	1446483865551	1446483865566	1446483865566	OK	 
Users	5836774626851732932-0	REQUEST		Home	1446483865539	1446483865551	1446483865566	1446483865566	OK	 
Users	5836774626851732932-0	REQUEST		Home Redirect 1	1446483865577	1446483865588	1446483865607	1446483865607	OK	 
Admins	5836774626851732932-10	REQUEST		Home Redirect 1	1446483865577	1446483865588	1446483865608	1446483865608	OK	 
Users	5836774626851732932-1	USER	START	1446483866520	0
Users	5836774626851732932-1	REQUEST		Home	1446483866521	1446483866532	1446483866544	1446483866544	OK	 
Users	5836774626851732932-1	REQUEST		Home Redirect 1	1446483866544	1446483866555	1446483866576	1446483866576	OK	 
Users	5836774626851732932-0	REQUEST		Search	1446483866635	1446483866647	1446483866706	1446483866706	OK	 
Admins	5836774626851732932-10	REQUEST		Search	1446483866635	1446483866647	1446483866696	1446483866696	OK	 
Users	5836774626851732932-2	USER	START	1446483867520	0
Users	5836774626851732932-2	REQUEST		Home	1446483867521	1446483867534	1446483867548	1446483867548	OK	 
Users	5836774626851732932-2	REQUEST		Home Redirect 1	1446483867549	1446483867560	1446483867578	1446483867578	OK	 
Users	5836774626851732932-1	REQUEST		Search	1446483867593	1446483867604	1446483867663	1446483867663	OK	 
Admins	5836774626851732932-10	REQUEST		Select	1446483867691	1446483867702	1446483867717	1446483867717	OK	 
Users	5836774626851732932-0	REQUEST		Select	1446483867701	1446483867712	1446483867726	1446483867726	OK	 
Users	5836774626851732932-3	USER	START	1446483868520	0
Users	5836774626851732932-3	REQUEST		Home	1446483868521	1446483868533	1446483868545	1446483868545	OK	 
Users	5836774626851732932-3	REQUEST		Home Redirect 1	1446483868546	1446483868557	1446483868578	1446483868578	OK	 
Users	5836774626851732932-2	REQUEST		Search	1446483868592	1446483868603	1446483868649	1446483868649	OK	 
Users	5836774626851732932-1	REQUEST		Select	1446483868662	1446483868674	1446483868689	1446483868689	OK	 
Admins	5836774626851732932-10	REQUEST		Page 0	1446483868724	1446483868735	1446483868759	1446483868759	OK	 
Users	5836774626851732932-0	REQUEST		Page 0	1446483868731	1446483868742	1446483868759	1446483868759	OK	 
Users	5836774626851732932-4	USER	START	1446483869519	0
Users	5836774626851732932-4	REQUEST		Home	1446483869520	1446483869531	1446483869544	1446483869544	OK	 
Users	5836774626851732932-4	REQUEST		Home Redirect 1	1446483869545	1446483869556	1446483869575	1446483869575	OK	 
Users	5836774626851732932-3	REQUEST		Search	1446483869590	1446483869601	1446483869661	1446483869661	OK	 
Users	5836774626851732932-2	REQUEST		Select	1446483869661	1446483869672	1446483869687	1446483869687	OK	 
Users	5836774626851732932-1	REQUEST		Page 0	1446483869691	1446483869704	1446483869728	1446483869728	OK	 
Admins	5836774626851732932-10	REQUEST		Page 1	1446483869763	1446483869776	1446483869796	1446483869796	OK	 
Users	5836774626851732932-0	REQUEST		Page 1	1446483869763	1446483869774	1446483869796	1446483869796	OK	 
Users	5836774626851732932-5	USER	START	1446483870520	0
Admins	5836774626851732932-11	USER	START	1446483870520	0
Users	5836774626851732932-5	REQUEST		Home	1446483870521	1446483870532	1446483870545	1446483870545	OK	 
Admins	5836774626851732932-11	REQUEST		Home	1446483870521	1446483870532	1446483870545	1446483870545	OK	 
Admins	5836774626851732932-11	REQUEST		Home Redirect 1	1446483870545	1446483870557	1446483870577	1446483870577	OK	 
Users	5836774626851732932-5	REQUEST		Home Redirect 1	1446483870545	1446483870557	1446483870577	1446483870577	OK	 
Users	5836774626851732932-4	REQUEST		Search	1446483870590	1446483870602	1446483870661	1446483870661	OK	 
Users	5836774626851732932-3	REQUEST		Select	1446483870670	1446483870681	1446483870697	1446483870697	OK	 
Users	5836774626851732932-2	REQUEST		Page 0	1446483870682	1446483870693	1446483870724	1446483870724	OK	 
Users	5836774626851732932-1	REQUEST		Page 1	1446483870732	1446483870749	1446483870766	1446483870766	OK	 
Admins	5836774626851732932-10	REQUEST		Page 2	1446483870791	1446483870804	1446483870821	1446483870821	OK	 
Users	5836774626851732932-0	REQUEST		Page 2	1446483870791	1446483870804	1446483870821	1446483870821	OK	 
Users	5836774626851732932-6	USER	START	1446483871521	0
Users	5836774626851732932-6	REQUEST		Home	1446483871522	1446483871536	1446483871556	1446483871556	OK	 
Users	5836774626851732932-6	REQUEST		Home Redirect 1	1446483871557	1446483871573	1446483871595	1446483871595	OK	 
Users	5836774626851732932-5	REQUEST		Search	1446483871590	1446483871604	1446483871662	1446483871662	OK	 
Admins	5836774626851732932-11	REQUEST		Search	1446483871590	1446483871604	1446483871667	1446483871667	OK	 
Users	5836774626851732932-4	REQUEST		Select	1446483871670	1446483871680	1446483871694	1446483871694	OK	 
Users	5836774626851732932-3	REQUEST		Page 0	1446483871691	1446483871701	1446483871721	1446483871721	OK	 
Users	5836774626851732932-2	REQUEST		Page 1	1446483871731	1446483871743	1446483871761	1446483871761	OK	 
Users	5836774626851732932-1	REQUEST		Page 2	1446483871770	1446483871783	1446483871800	1446483871800	OK	 
Users	5836774626851732932-0	REQUEST		Page 3	1446483871820	1446483871831	1446483871849	1446483871849	OK	 
Admins	5836774626851732932-10	REQUEST		Page 3	1446483871831	1446483871842	1446483871860	1446483871860	OK	 
Users	5836774626851732932-7	USER	START	1446483872520	0
Users	5836774626851732932-7	REQUEST		Home	1446483872520	1446483872534	1446483872548	1446483872548	OK	 
Users	5836774626851732932-7	REQUEST		Home Redirect 1	1446483872549	1446483872559	1446483872577	1446483872577	OK	 
Users	5836774626851732932-6	REQUEST		Search	1446483872611	1446483872621	1446483872675	1446483872675	OK	 
Users	5836774626851732932-5	REQUEST		Select	1446483872670	1446483872681	1446483872694	1446483872694	OK	 
Admins	5836774626851732932-11	REQUEST		Select	1446483872681	1446483872692	1446483872706	1446483872706	OK	 
Users	5836774626851732932-4	REQUEST		Page 0	1446483872690	1446483872701	1446483872719	1446483872719	OK	 
Users	5836774626851732932-3	REQUEST		Page 1	1446483872732	1446483872742	1446483872759	1446483872759	OK	 
Users	5836774626851732932-2	REQUEST		Page 2	1446483872760	1446483872771	1446483872788	1446483872788	OK	 
Users	5836774626851732932-1	REQUEST		Page 3	1446483872801	1446483872812	1446483872828	1446483872828	OK	 
Users	5836774626851732932-0	USER	END	1446483865504	1446483872852
Admins	5836774626851732932-10	REQUEST		Form	1446483872861	1446483872871	1446483872884	1446483872884	OK	 
Users	5836774626851732932-8	USER	START	1446483873521	0
Users	5836774626851732932-8	REQUEST		Home	1446483873522	1446483873533	1446483873545	1446483873545	OK	 
Users	5836774626851732932-8	REQUEST		Home Redirect 1	1446483873545	1446483873556	1446483873576	1446483873576	OK	 
Users	5836774626851732932-7	REQUEST		Search	1446483873590	1446483873602	1446483873665	1446483873665	OK	 
Users	5836774626851732932-6	REQUEST		Select	1446483873681	1446483873693	1446483873707	1446483873707	OK	 
Users	5836774626851732932-5	REQUEST		Page 0	1446483873691	1446483873702	1446483873722	1446483873722	OK	 
Admins	5836774626851732932-11	REQUEST		Page 0	1446483873701	1446483873712	1446483873731	1446483873731	OK	 
Users	5836774626851732932-4	REQUEST		Page 1	1446483873731	1446483873742	1446483873761	1446483873761	OK	 
Users	5836774626851732932-3	REQUEST		Page 2	1446483873761	1446483873772	1446483873791	1446483873791	OK	 
Users	5836774626851732932-2	REQUEST		Page 3	1446483873779	1446483873790	1446483873809	1446483873809	OK	 
Users	5836774626851732932-1	USER	END	1446483866520	1446483873822
Admins	5836774626851732932-10	REQUEST		Post	1446483873884	1446483873896	1446483873909	1446483873909	OK	 
Admins	5836774626851732932-10	REQUEST		Post Redirect 1	1446483873918	1446483873929	1446483873947	1446483873947	OK	 
Admins	5836774626851732932-10	USER	END	1446483865508	1446483873950
Users	5836774626851732932-9	USER	START	1446483874520	0
Users	5836774626851732932-9	REQUEST		Home	1446483874520	1446483874537	1446483874552	1446483874552	OK	 
Users	5836774626851732932-9	REQUEST		Home Redirect 1	1446483874553	1446483874567	1446483874589	1446483874589	OK	 
Users	5836774626851732932-8	REQUEST		Search	1446483874592	1446483874602	1446483874655	1446483874655	OK	 
Users	5836774626851732932-7	REQUEST		Select	1446483874671	1446483874686	1446483874704	1446483874704	OK	 
Users	5836774626851732932-6	REQUEST		Page 0	1446483874700	1446483874715	1446483874737	1446483874737	OK	 
Admins	5836774626851732932-11	REQUEST		Page 1	1446483874731	1446483874746	1446483874769	1446483874769	OK	 
Users	5836774626851732932-5	REQUEST		Page 1	1446483874731	1446483874746	1446483874769	1446483874769	OK	 
Users	5836774626851732932-4	REQUEST		Page 2	1446483874751	1446483874765	1446483874787	1446483874787	OK	 
Users	5836774626851732932-2	USER	END	1446483867520	1446483874811
Users	5836774626851732932-3	REQUEST		Page 3	1446483874791	1446483874808	1446483874832	1446483874832	OK	 
Users	5836774626851732932-9	REQUEST		Search	1446483875600	1446483875610	1446483875671	1446483875671	OK	 
Users	5836774626851732932-8	REQUEST		Select	1446483875660	1446483875671	1446483875687	1446483875687	OK	 
Users	5836774626851732932-7	REQUEST		Page 0	1446483875711	1446483875732	1446483875761	1446483875761	OK	 
Users	5836774626851732932-6	REQUEST		Page 1	1446483875741	1446483875759	1446483875787	1446483875787	OK	 
Admins	5836774626851732932-11	REQUEST		Page 2	1446483875761	1446483875780	1446483875808	1446483875808	OK	 
Users	5836774626851732932-5	REQUEST		Page 2	1446483875761	1446483875780	1446483875808	1446483875808	OK	 
Users	5836774626851732932-3	USER	END	1446483868520	1446483875831
Users	5836774626851732932-4	REQUEST		Page 3	1446483875791	1446483875809	1446483875831	1446483875831	OK	 
Users	5836774626851732932-9	REQUEST		Select	1446483876682	1446483876693	1446483876707	1446483876707	OK	 
Users	5836774626851732932-8	REQUEST		Page 0	1446483876682	1446483876693	1446483876712	1446483876712	OK	 
Users	5836774626851732932-7	REQUEST		Page 1	1446483876761	1446483876772	1446483876792	1446483876792	OK	 
Users	5836774626851732932-6	REQUEST		Page 2	1446483876791	1446483876803	1446483876822	1446483876822	OK	 
Users	5836774626851732932-4	USER	END	1446483869519	1446483876832
Admins	5836774626851732932-11	REQUEST		Page 3	1446483876812	1446483876824	1446483876842	1446483876842	OK	 
Users	5836774626851732932-5	REQUEST		Page 3	1446483876812	1446483876823	1446483876842	1446483876842	OK	 
Users	5836774626851732932-9	REQUEST		Page 0	1446483877702	1446483877717	1446483877738	1446483877738	OK	 
Users	5836774626851732932-8	REQUEST		Page 1	1446483877720	1446483877732	1446483877753	1446483877753	OK	 
Users	5836774626851732932-7	REQUEST		Page 2	1446483877791	1446483877805	1446483877829	1446483877829	OK	 
Users	5836774626851732932-5	USER	END	1446483870520	1446483877850
Users	5836774626851732932-6	REQUEST		Page 3	1446483877821	1446483877836	1446483877856	1446483877856	OK	 
Admins	5836774626851732932-11	REQUEST		Form	1446483877851	1446483877862	1446483877875	1446483877875	OK	 
Users	5836774626851732932-9	REQUEST		Page 1	1446483878740	1446483878755	1446483878775	1446483878775	OK	 
Users	5836774626851732932-8	REQUEST		Page 2	1446483878750	1446483878762	1446483878780	1446483878780	OK	 
Users	5836774626851732932-6	USER	END	1446483871521	1446483878861
Users	5836774626851732932-7	REQUEST		Page 3	1446483878830	1446483878855	1446483878885	1446483878885	OK	 
Admins	5836774626851732932-11	REQUEST		Post	1446483878871	1446483878893	1446483878916	1446483878916	OK	 
Admins	5836774626851732932-11	REQUEST		Post Redirect 1	1446483878917	1446483878942	1446483878973	1446483878973	OK	 
Admins	5836774626851732932-11	USER	END	1446483870520	1446483878975
Users	5836774626851732932-9	REQUEST		Page 2	1446483879781	1446483879792	1446483879813	1446483879813	OK	 
Users	5836774626851732932-8	REQUEST		Page 3	1446483879790	1446483879801	1446483879818	1446483879818	OK	 
Users	5836774626851732932-7	USER	END	1446483872520	1446483879881
Users	5836774626851732932-8	USER	END	1446483873521	1446483880821
Users	5836774626851732932-9	REQUEST		Page 3	1446483880812	1446483880822	1446483880842	1446483880842	OK	 
Users	5836774626851732932-9	USER	END	1446483874520	1446483881841
