maced.MacedStressSimulation	macedstresssimulation	RUN	1448890674814	 	2.0
RecordedSimulation	496631418254150721-0	USER	START	1448890674831	0
RecordedSimulation	496631418254150721-1	USER	START	1448890675352	0
RecordedSimulation	496631418254150721-0	REQUEST		Home	1448890674861	1448890674979	1448890679155	1448890679161	OK	 
RecordedSimulation	496631418254150721-1	REQUEST		Home	1448890675353	1448890675383	1448890679269	1448890679274	OK	 
RecordedSimulation	496631418254150721-0	REQUEST		?dm=27bac6181890453140bce750f0370dbc&action=load&blogid=28&siteid=1&t=692048450&back=https%3A%2F%2Fskillful-uat.macmillan.education%2F	1448890679270	1448890679392	1448890679921	1448890679921	OK	 
RecordedSimulation	496631418254150721-1	REQUEST		?dm=27bac6181890453140bce750f0370dbc&action=load&blogid=28&siteid=1&t=848096089&back=https%3A%2F%2Fskillful-uat.macmillan.education%2F	1448890679283	1448890679392	1448890679960	1448890679960	OK	 
RecordedSimulation	496631418254150721-0	REQUEST		clickLoginButton	1448890680946	1448890681182	1448890681313	1448890681313	OK	 
RecordedSimulation	496631418254150721-1	REQUEST		clickLoginButton	1448890681055	1448890681183	1448890681329	1448890681329	OK	 
RecordedSimulation	496631418254150721-1	REQUEST		postLoginDetails	1448890682326	1448890682327	1448890683138	1448890683138	OK	 
RecordedSimulation	496631418254150721-1	REQUEST		getResourceList1	1448890683142	1448890683143	1448890683186	1448890683186	OK	 
RecordedSimulation	496631418254150721-1	REQUEST		getResourceList3	1448890683145	1448890683176	1448890683287	1448890683287	OK	 
RecordedSimulation	496631418254150721-1	REQUEST		getResourceList2	1448890683143	1448890683175	1448890683287	1448890683287	OK	 
RecordedSimulation	496631418254150721-0	REQUEST		postLoginDetails	1448890682324	1448890682325	1448890683295	1448890683295	OK	 
RecordedSimulation	496631418254150721-0	REQUEST		getResourceList1	1448890683298	1448890683299	1448890683334	1448890683334	OK	 
RecordedSimulation	496631418254150721-1	REQUEST		getResourcePage	1448890683141	1448890683142	1448890683378	1448890683378	OK	 
RecordedSimulation	496631418254150721-0	REQUEST		getResourceList2	1448890683299	1448890683329	1448890683464	1448890683464	OK	 
RecordedSimulation	496631418254150721-0	REQUEST		getResourceList3	1448890683301	1448890683330	1448890683472	1448890683472	OK	 
RecordedSimulation	496631418254150721-0	REQUEST		getResourcePage	1448890683297	1448890683298	1448890683631	1448890683631	OK	 
RecordedSimulation	496631418254150721-1	REQUEST		getResourcePage Redirect 1	1448890683379	1448890683380	1448890687300	1448890687306	OK	 
RecordedSimulation	496631418254150721-0	REQUEST		getResourcePage Redirect 1	1448890683632	1448890683633	1448890687596	1448890687598	OK	 
RecordedSimulation	496631418254150721-1	REQUEST		postRDC	1448890688312	1448890688313	1448890688364	1448890688364	OK	 
RecordedSimulation	496631418254150721-1	REQUEST		postResourceCheck2	1448890688368	1448890688369	1448890688442	1448890688442	OK	 
RecordedSimulation	496631418254150721-1	REQUEST		postResourceCheck1	1448890688366	1448890688367	1448890688448	1448890688448	OK	 
RecordedSimulation	496631418254150721-1	REQUEST		getResources2	1448890688391	1448890688523	1448890688541	1448890688541	OK	 
RecordedSimulation	496631418254150721-1	REQUEST		getResources1	1448890688369	1448890688523	1448890688542	1448890688542	OK	 
RecordedSimulation	496631418254150721-1	USER	END	1448890675352	1448890688549
RecordedSimulation	496631418254150721-0	REQUEST		postRDC	1448890688592	1448890688593	1448890688633	1448890688633	OK	 
RecordedSimulation	496631418254150721-0	REQUEST		postResourceCheck2	1448890688637	1448890688638	1448890688673	1448890688674	OK	 
RecordedSimulation	496631418254150721-0	REQUEST		postResourceCheck1	1448890688636	1448890688637	1448890688676	1448890688676	OK	 
RecordedSimulation	496631418254150721-0	REQUEST		getResources1	1448890688638	1448890688671	1448890688757	1448890688757	OK	 
RecordedSimulation	496631418254150721-0	REQUEST		getResources2	1448890688640	1448890688671	1448890688757	1448890688757	OK	 
RecordedSimulation	496631418254150721-0	USER	END	1448890674831	1448890688760
RecordedSimulation	496631418254150721-2	USER	START	1448890705851	0
RecordedSimulation	496631418254150721-3	USER	START	1448890706351	0
RecordedSimulation	496631418254150721-2	REQUEST		Home	1448890705852	1448890705882	1448890709520	1448890709521	OK	 
RecordedSimulation	496631418254150721-3	REQUEST		Home	1448890706352	1448890706382	1448890709771	1448890709772	OK	 
RecordedSimulation	496631418254150721-2	REQUEST		?dm=27bac6181890453140bce750f0370dbc&action=load&blogid=28&siteid=1&t=2143862491&back=https%3A%2F%2Fskillful-uat.macmillan.education%2F	1448890709531	1448890709561	1448890709837	1448890709837	OK	 
RecordedSimulation	496631418254150721-3	REQUEST		?dm=27bac6181890453140bce750f0370dbc&action=load&blogid=28&siteid=1&t=983589824&back=https%3A%2F%2Fskillful-uat.macmillan.education%2F	1448890709779	1448890709807	1448890710469	1448890710469	OK	 
RecordedSimulation	496631418254150721-2	REQUEST		clickLoginButton	1448890710853	1448890710885	1448890710994	1448890710994	OK	 
RecordedSimulation	496631418254150721-3	REQUEST		clickLoginButton	1448890711484	1448890711516	1448890711610	1448890711610	OK	 
RecordedSimulation	496631418254150721-2	REQUEST		postLoginDetails	1448890712003	1448890712004	1448890712600	1448890712600	OK	 
RecordedSimulation	496631418254150721-2	REQUEST		getResourceList1	1448890712603	1448890712604	1448890712640	1448890712640	OK	 
RecordedSimulation	496631418254150721-2	REQUEST		getResourceList3	1448890712605	1448890712635	1448890712726	1448890712726	OK	 
RecordedSimulation	496631418254150721-2	REQUEST		getResourceList2	1448890712604	1448890712635	1448890712742	1448890712742	OK	 
RecordedSimulation	496631418254150721-3	REQUEST		postLoginDetails	1448890712620	1448890712621	1448890713024	1448890713024	OK	 
RecordedSimulation	496631418254150721-2	REQUEST		getResourcePage	1448890712602	1448890712603	1448890713046	1448890713046	OK	 
RecordedSimulation	496631418254150721-3	REQUEST		getResourceList1	1448890713027	1448890713028	1448890713076	1448890713076	OK	 
RecordedSimulation	496631418254150721-3	REQUEST		getResourceList3	1448890713029	1448890713060	1448890713158	1448890713159	OK	 
RecordedSimulation	496631418254150721-3	REQUEST		getResourceList2	1448890713028	1448890713059	1448890713159	1448890713159	OK	 
RecordedSimulation	496631418254150721-3	REQUEST		getResourcePage	1448890713026	1448890713027	1448890713689	1448890713689	OK	 
RecordedSimulation	496631418254150721-3	REQUEST		getResourcePage Redirect 1	1448890713690	1448890713690	1448890716770	1448890716771	OK	 
RecordedSimulation	496631418254150721-2	REQUEST		getResourcePage Redirect 1	1448890713047	1448890713048	1448890717635	1448890717636	OK	 
RecordedSimulation	496631418254150721-3	REQUEST		postRDC	1448890717773	1448890717773	1448890717847	1448890717847	OK	 
RecordedSimulation	496631418254150721-3	REQUEST		postResourceCheck2	1448890717851	1448890717851	1448890717889	1448890717889	OK	 
RecordedSimulation	496631418254150721-3	REQUEST		postResourceCheck1	1448890717850	1448890717851	1448890717892	1448890717892	OK	 
RecordedSimulation	496631418254150721-3	REQUEST		getResources1	1448890717852	1448890717886	1448890717974	1448890717974	OK	 
RecordedSimulation	496631418254150721-3	REQUEST		getResources2	1448890717853	1448890717886	1448890717975	1448890717975	OK	 
RecordedSimulation	496631418254150721-3	USER	END	1448890706351	1448890717979
RecordedSimulation	496631418254150721-2	REQUEST		postRDC	1448890718633	1448890718634	1448890718686	1448890718686	OK	 
RecordedSimulation	496631418254150721-2	REQUEST		postResourceCheck2	1448890718689	1448890718690	1448890718726	1448890718726	OK	 
RecordedSimulation	496631418254150721-2	REQUEST		postResourceCheck1	1448890718689	1448890718689	1448890718734	1448890718734	OK	 
RecordedSimulation	496631418254150721-2	REQUEST		getResources1	1448890718690	1448890718726	1448890718813	1448890718813	OK	 
RecordedSimulation	496631418254150721-2	REQUEST		getResources2	1448890718693	1448890718726	1448890718814	1448890718814	OK	 
RecordedSimulation	496631418254150721-2	USER	END	1448890705851	1448890718818
