maced.MacedStressSimulation	macedstresssimulation	RUN	1449060251691	 	2.0
Login And View Resources	8668912472886690262-0	USER	START	1449060251708	0
Login And View Resources	8668912472886690262-0	REQUEST		Go To Home Page	1449060251738	1449060251868	1449060258241	1449060258246	OK	 
Login And View Resources	8668912472886690262-0	REQUEST		fastclick.js	1449060258440	1449060258441	1449060258484	1449060258485	OK	 
Login And View Resources	8668912472886690262-0	REQUEST		gbn8cte.js	1449060258451	1449060258513	1449060258517	1449060258524	OK	 
Login And View Resources	8668912472886690262-0	REQUEST		jquery-1.11.3.min.js	1449060258453	1449060258520	1449060258534	1449060258545	OK	 
Login And View Resources	8668912472886690262-0	REQUEST		client.js	1449060258448	1449060258479	1449060258553	1449060258553	OK	 
Login And View Resources	8668912472886690262-0	REQUEST		jquery.form.min.js	1449060258444	1449060258476	1449060258553	1449060258553	OK	 
Login And View Resources	8668912472886690262-0	REQUEST		scripts.js	1449060258441	1449060258474	1449060258559	1449060258559	OK	 
Login And View Resources	8668912472886690262-0	REQUEST		scripts.js	1449060258446	1449060258476	1449060258561	1449060258561	OK	 
Login And View Resources	8668912472886690262-0	REQUEST		main-latest.js	1449060258456	1449060258603	1449060258614	1449060258614	OK	 
Login And View Resources	8668912472886690262-0	REQUEST		settings_uat.js	1449060258437	1449060258614	1449060258653	1449060258653	OK	 
Login And View Resources	8668912472886690262-0	REQUEST		main-latest.js Redirect 1	1449060258616	1449060258617	1449060258665	1449060258830	OK	 
Login And View Resources	8668912472886690262-0	REQUEST		functions-uat.js	1449060258360	1449060258603	1449060258814	1449060259042	OK	 
Login And View Resources	8668912472886690262-0	REQUEST		Click On Login Button	1449060260065	1449060260340	1449060260468	1449060260468	OK	 
Login And View Resources	8668912472886690262-0	REQUEST	Submit Valid Login Details	postLoginDetails	1449060261467	1449060261468	1449060261868	1449060261868	OK	 
Login And View Resources	8668912472886690262-0	REQUEST	Submit Valid Login Details	getResourcePage	1449060261871	1449060261873	1449060262230	1449060262230	OK	 
Login And View Resources	8668912472886690262-0	REQUEST	Submit Valid Login Details	getResourcePage Redirect 1	1449060262232	1449060262233	1449060264685	1449060264687	OK	 
Login And View Resources	8668912472886690262-0	REQUEST	Submit Valid Login Details	CheckResources	1449060264697	1449060264698	1449060265095	1449060265095	OK	 
Login And View Resources	8668912472886690262-0	REQUEST	Submit Valid Login Details	CheckResources Redirect 1	1449060265096	1449060265097	1449060267603	1449060267604	OK	 
Login And View Resources	8668912472886690262-0	REQUEST	Submit Valid Login Details	fastclick.js Redirect 1	1449060267618	1449060267618	1449060267638	1449060267638	OK	 
Login And View Resources	8668912472886690262-0	REQUEST	Submit Valid Login Details	jquery.form.min.js Redirect 1	1449060267619	1449060267620	1449060267638	1449060267638	OK	 
Login And View Resources	8668912472886690262-0	REQUEST	Submit Valid Login Details	client.js Redirect 1	1449060267621	1449060267621	1449060267640	1449060267640	OK	 
Login And View Resources	8668912472886690262-0	REQUEST	Submit Valid Login Details	scripts.js Redirect 1	1449060267620	1449060267621	1449060267640	1449060267640	OK	 
Login And View Resources	8668912472886690262-0	REQUEST	Submit Valid Login Details	scripts.js Redirect 1	1449060267619	1449060267619	1449060267641	1449060267641	OK	 
Login And View Resources	8668912472886690262-0	REQUEST	Submit Valid Login Details	settings_uat.js Redirect 1	1449060267622	1449060267623	1449060267656	1449060267656	OK	 
Login And View Resources	8668912472886690262-0	REQUEST	Submit Valid Login Details	main-latest.js Redirect 2	1449060267624	1449060267624	1449060267659	1449060267737	OK	 
Login And View Resources	8668912472886690262-0	REQUEST	Submit Valid Login Details	functions-uat.js Redirect 1	1449060267622	1449060267622	1449060267824	1449060267824	OK	 
Login And View Resources	8668912472886690262-0	GROUP	Submit Valid Login Details	1449060261465	1449060267826	9922	23	0	OK
Login And View Resources	8668912472886690262-0	REQUEST	Go To The ResourcePage	getResourcePage	1449060267827	1449060267828	1449060268164	1449060268164	OK	 
Login And View Resources	8668912472886690262-0	REQUEST	Go To The ResourcePage	getResourcePage Redirect 1	1449060268165	1449060268166	1449060270045	1449060270048	KO	regex(LS1).find(0).exists, found nothing
Login And View Resources	8668912472886690262-0	REQUEST	Go To The ResourcePage	scripts.js Redirect 1	1449060270071	1449060270072	1449060270090	1449060270090	OK	 
Login And View Resources	8668912472886690262-0	REQUEST	Go To The ResourcePage	jquery.form.min.js Redirect 1	1449060270070	1449060270071	1449060270090	1449060270090	OK	 
Login And View Resources	8668912472886690262-0	REQUEST	Go To The ResourcePage	fastclick.js Redirect 1	1449060270069	1449060270070	1449060270091	1449060270091	OK	 
Login And View Resources	8668912472886690262-0	REQUEST	Go To The ResourcePage	scripts.js Redirect 1	1449060270070	1449060270070	1449060270091	1449060270091	OK	 
Login And View Resources	8668912472886690262-0	REQUEST	Go To The ResourcePage	client.js Redirect 1	1449060270072	1449060270072	1449060270092	1449060270093	OK	 
Login And View Resources	8668912472886690262-0	REQUEST	Go To The ResourcePage	settings_uat.js Redirect 1	1449060270073	1449060270073	1449060270106	1449060270106	OK	 
Login And View Resources	8668912472886690262-0	REQUEST	Go To The ResourcePage	main-latest.js Redirect 2	1449060270074	1449060270074	1449060270095	1449060270167	OK	 
Login And View Resources	8668912472886690262-0	REQUEST	Go To The ResourcePage	functions-uat.js Redirect 1	1449060270072	1449060270073	1449060270286	1449060270286	OK	 
Login And View Resources	8668912472886690262-0	GROUP	Go To The ResourcePage	1449060267826	1449060270287	5472	20	1	KO
Login And View Resources	8668912472886690262-0	USER	END	1449060251708	1449060270292
