maced.MacedStressSimulation	macedstresssimulation	RUN	1449060142419	 	2.0
Login And View Resources	2126657291786667917-0	USER	START	1449060142436	0
Login And View Resources	2126657291786667917-0	REQUEST		Go To Home Page	1449060142469	1449060142591	1449060148077	1449060148083	OK	 
Login And View Resources	2126657291786667917-0	REQUEST		fastclick.js	1449060148277	1449060148279	1449060148315	1449060148316	OK	 
Login And View Resources	2126657291786667917-0	REQUEST		main-latest.js	1449060148297	1449060148375	1449060148379	1449060148379	OK	 
Login And View Resources	2126657291786667917-0	REQUEST		jquery.form.min.js	1449060148282	1449060148314	1449060148387	1449060148387	OK	 
Login And View Resources	2126657291786667917-0	REQUEST		jquery-1.11.3.min.js	1449060148293	1449060148363	1449060148375	1449060148389	OK	 
Login And View Resources	2126657291786667917-0	REQUEST		scripts.js	1449060148279	1449060148313	1449060148395	1449060148395	OK	 
Login And View Resources	2126657291786667917-0	REQUEST		client.js	1449060148287	1449060148319	1449060148402	1449060148403	OK	 
Login And View Resources	2126657291786667917-0	REQUEST		scripts.js	1449060148285	1449060148317	1449060148404	1449060148404	OK	 
Login And View Resources	2126657291786667917-0	REQUEST		settings_uat.js	1449060148275	1449060148460	1449060148496	1449060148496	OK	 
Login And View Resources	2126657291786667917-0	REQUEST		main-latest.js Redirect 1	1449060148380	1449060148381	1449060148431	1449060148501	OK	 
Login And View Resources	2126657291786667917-0	REQUEST		gbn8cte.js	1449060148290	1449060148357	1449060148583	1449060148591	OK	 
Login And View Resources	2126657291786667917-0	REQUEST		functions-uat.js	1449060148198	1449060148442	1449060148704	1449060148831	OK	 
Login And View Resources	2126657291786667917-0	REQUEST		Click On Login Button	1449060149855	1449060149988	1449060150123	1449060150123	OK	 
Login And View Resources	2126657291786667917-0	REQUEST	Submit Valid Login Details	postLoginDetails	1449060151126	1449060151128	1449060151758	1449060151758	OK	 
Login And View Resources	2126657291786667917-0	REQUEST	Submit Valid Login Details	getResourcePage	1449060151762	1449060151763	1449060152026	1449060152026	OK	 
Login And View Resources	2126657291786667917-0	REQUEST	Submit Valid Login Details	getResourcePage Redirect 1	1449060152028	1449060152028	1449060155648	1449060155649	OK	 
Login And View Resources	2126657291786667917-0	REQUEST	Submit Valid Login Details	CheckResources	1449060155658	1449060155659	1449060155869	1449060155869	OK	 
Login And View Resources	2126657291786667917-0	REQUEST	Submit Valid Login Details	CheckResources Redirect 1	1449060155870	1449060155871	1449060159375	1449060159380	OK	 
Login And View Resources	2126657291786667917-0	REQUEST	Submit Valid Login Details	fastclick.js Redirect 1	1449060159393	1449060159394	1449060159414	1449060159414	OK	 
Login And View Resources	2126657291786667917-0	REQUEST	Submit Valid Login Details	jquery.form.min.js Redirect 1	1449060159395	1449060159395	1449060159415	1449060159415	OK	 
Login And View Resources	2126657291786667917-0	REQUEST	Submit Valid Login Details	scripts.js Redirect 1	1449060159395	1449060159396	1449060159414	1449060159414	OK	 
Login And View Resources	2126657291786667917-0	REQUEST	Submit Valid Login Details	scripts.js Redirect 1	1449060159394	1449060159394	1449060159417	1449060159417	OK	 
Login And View Resources	2126657291786667917-0	REQUEST	Submit Valid Login Details	client.js Redirect 1	1449060159396	1449060159396	1449060159417	1449060159417	OK	 
Login And View Resources	2126657291786667917-0	REQUEST	Submit Valid Login Details	settings_uat.js Redirect 1	1449060159397	1449060159398	1449060159428	1449060159428	OK	 
Login And View Resources	2126657291786667917-0	REQUEST	Submit Valid Login Details	main-latest.js Redirect 2	1449060159398	1449060159398	1449060159437	1449060159505	OK	 
Login And View Resources	2126657291786667917-0	REQUEST	Submit Valid Login Details	functions-uat.js Redirect 1	1449060159396	1449060159397	1449060159597	1449060159597	OK	 
Login And View Resources	2126657291786667917-0	GROUP	Submit Valid Login Details	1449060151124	1449060159599	10355	23	0	OK
Login And View Resources	2126657291786667917-0	REQUEST	Go To The ResourcePage	getResourcePage	1449060159600	1449060159601	1449060159810	1449060159810	OK	 
Login And View Resources	2126657291786667917-0	REQUEST	Go To The ResourcePage	getResourcePage Redirect 1	1449060159811	1449060159811	1449060163046	1449060163049	OK	 
Login And View Resources	2126657291786667917-0	REQUEST	Go To The ResourcePage	fastclick.js Redirect 1	1449060163058	1449060163058	1449060163079	1449060163079	OK	 
Login And View Resources	2126657291786667917-0	REQUEST	Go To The ResourcePage	jquery.form.min.js Redirect 1	1449060163059	1449060163060	1449060163079	1449060163079	OK	 
Login And View Resources	2126657291786667917-0	REQUEST	Go To The ResourcePage	client.js Redirect 1	1449060163060	1449060163061	1449060163080	1449060163080	OK	 
Login And View Resources	2126657291786667917-0	REQUEST	Go To The ResourcePage	scripts.js Redirect 1	1449060163060	1449060163060	1449060163082	1449060163082	OK	 
Login And View Resources	2126657291786667917-0	REQUEST	Go To The ResourcePage	scripts.js Redirect 1	1449060163059	1449060163059	1449060163082	1449060163082	OK	 
Login And View Resources	2126657291786667917-0	REQUEST	Go To The ResourcePage	settings_uat.js Redirect 1	1449060163061	1449060163062	1449060163097	1449060163097	OK	 
Login And View Resources	2126657291786667917-0	REQUEST	Go To The ResourcePage	functions-uat.js Redirect 1	1449060163061	1449060163061	1449060163130	1449060163130	OK	 
Login And View Resources	2126657291786667917-0	REQUEST	Go To The ResourcePage	main-latest.js Redirect 2	1449060163062	1449060163063	1449060163153	1449060163221	OK	 
Login And View Resources	2126657291786667917-0	GROUP	Go To The ResourcePage	1449060159599	1449060163222	5503	21	0	OK
Login And View Resources	2126657291786667917-0	USER	END	1449060142436	1449060163228
