maced.MacedStressSimulation	macedstresssimulation	RUN	1449058264526	 	2.0
Login And View Resources	5279089711172503053-0	USER	START	1449058264547	0
Login And View Resources	5279089711172503053-0	REQUEST		Go To Home Page	1449058264580	1449058264710	1449058267146	1449058267154	OK	 
Login And View Resources	5279089711172503053-0	REQUEST		fastclick.js	1449058267268	1449058267270	1449058267312	1449058267312	OK	 
Login And View Resources	5279089711172503053-0	REQUEST		gbn8cte.js	1449058267279	1449058267341	1449058267345	1449058267352	OK	 
Login And View Resources	5279089711172503053-0	REQUEST		scripts.js	1449058267270	1449058267302	1449058267373	1449058267373	OK	 
Login And View Resources	5279089711172503053-0	REQUEST		scripts.js	1449058267275	1449058267307	1449058267378	1449058267378	OK	 
Login And View Resources	5279089711172503053-0	REQUEST		jquery-1.11.3.min.js	1449058267281	1449058267351	1449058267363	1449058267378	OK	 
Login And View Resources	5279089711172503053-0	REQUEST		client.js	1449058267277	1449058267306	1449058267392	1449058267392	OK	 
Login And View Resources	5279089711172503053-0	REQUEST		jquery.form.min.js	1449058267273	1449058267306	1449058267395	1449058267395	OK	 
Login And View Resources	5279089711172503053-0	REQUEST		main-latest.js	1449058267285	1449058267428	1449058267433	1449058267433	OK	 
Login And View Resources	5279089711172503053-0	REQUEST		settings_uat.js	1449058267266	1449058267436	1449058267472	1449058267472	OK	 
Login And View Resources	5279089711172503053-0	REQUEST		main-latest.js Redirect 1	1449058267434	1449058267435	1449058267473	1449058267550	OK	 
Login And View Resources	5279089711172503053-0	REQUEST		functions-uat.js	1449058267262	1449058267432	1449058267655	1449058267853	OK	 
Login And View Resources	5279089711172503053-0	REQUEST		Click On Login Button	1449058268872	1449058269090	1449058269162	1449058269162	OK	 
Login And View Resources	5279089711172503053-0	REQUEST	Submit Valid Login Details	postLoginDetails	1449058270170	1449058270172	1449058270732	1449058270732	OK	 
Login And View Resources	5279089711172503053-0	REQUEST	Submit Valid Login Details	getResourcePage	1449058270736	1449058270737	1449058271090	1449058271090	OK	 
Login And View Resources	5279089711172503053-0	REQUEST	Submit Valid Login Details	getResourcePage Redirect 1	1449058271092	1449058271093	1449058277432	1449058277435	OK	 
Login And View Resources	5279089711172503053-0	REQUEST	Submit Valid Login Details	CheckResources	1449058277445	1449058277446	1449058277822	1449058277822	OK	 
Login And View Resources	5279089711172503053-0	REQUEST	Submit Valid Login Details	CheckResources Redirect 1	1449058277824	1449058277824	1449058284210	1449058284211	OK	 
Login And View Resources	5279089711172503053-0	REQUEST	Submit Valid Login Details	fastclick.js Redirect 1	1449058284224	1449058284225	1449058284246	1449058284246	OK	 
Login And View Resources	5279089711172503053-0	REQUEST	Submit Valid Login Details	scripts.js Redirect 1	1449058284227	1449058284228	1449058284246	1449058284246	OK	 
Login And View Resources	5279089711172503053-0	REQUEST	Submit Valid Login Details	scripts.js Redirect 1	1449058284225	1449058284226	1449058284246	1449058284246	OK	 
Login And View Resources	5279089711172503053-0	REQUEST	Submit Valid Login Details	jquery.form.min.js Redirect 1	1449058284226	1449058284227	1449058284246	1449058284246	OK	 
Login And View Resources	5279089711172503053-0	REQUEST	Submit Valid Login Details	client.js Redirect 1	1449058284228	1449058284228	1449058284247	1449058284247	OK	 
Login And View Resources	5279089711172503053-0	REQUEST	Submit Valid Login Details	settings_uat.js Redirect 1	1449058284229	1449058284230	1449058284262	1449058284262	OK	 
Login And View Resources	5279089711172503053-0	REQUEST	Submit Valid Login Details	main-latest.js Redirect 2	1449058284230	1449058284231	1449058284274	1449058284344	OK	 
Login And View Resources	5279089711172503053-0	REQUEST	Submit Valid Login Details	functions-uat.js Redirect 1	1449058284228	1449058284229	1449058284421	1449058284421	OK	 
Login And View Resources	5279089711172503053-0	GROUP	Submit Valid Login Details	1449058270168	1449058284423	17628	23	0	OK
Login And View Resources	5279089711172503053-0	REQUEST	Go To The ResourcePage	postRDC	1449058284424	1449058284425	1449058284476	1449058284476	OK	 
Login And View Resources	5279089711172503053-0	REQUEST	Go To The ResourcePage	getResources1	1449058284577	1449058284716	1449058284734	1449058284734	KO	status.find.in(200,304,201,202,203,204,205,206,207,208,209), but actually found 400
Login And View Resources	5279089711172503053-0	REQUEST	Go To The ResourcePage	getResources2	1449058284579	1449058284730	1449058284746	1449058284746	KO	status.find.in(200,304,201,202,203,204,205,206,207,208,209), but actually found 400
Login And View Resources	5279089711172503053-0	REQUEST	Go To The ResourcePage	getResourcePage	1449058284479	1449058284480	1449058284817	1449058284817	OK	 
Login And View Resources	5279089711172503053-0	REQUEST	Go To The ResourcePage	getResourcePage Redirect 1	1449058284818	1449058284818	1449058290923	1449058290924	OK	 
Login And View Resources	5279089711172503053-0	GROUP	Go To The ResourcePage	1449058284423	1449058290925	6499	2	2	KO
Login And View Resources	5279089711172503053-0	USER	END	1449058264547	1449058290933
