maced.MacedStressSimulation	macedstresssimulation	RUN	1448905769907	 	2.0
Login And View Resources	6718932903232948162-0	USER	START	1448905769923	0
Login And View Resources	6718932903232948162-0	REQUEST		Go To Home Page	1448905769952	1448905770083	1448905773193	1448905773198	OK	 
Login And View Resources	6718932903232948162-0	REQUEST		?dm=27bac6181890453140bce750f0370dbc&action=load&blogid=28&siteid=1&t=347716578&back=https%3A%2F%2Fskillful-uat.macmillan.education%2F	1448905773306	1448905773435	1448905773956	1448905773956	OK	 
Login And View Resources	6718932903232948162-0	REQUEST		Click On Login Button	1448905774983	1448905775182	1448905775257	1448905775257	OK	 
Login And View Resources	6718932903232948162-0	REQUEST	Submit Valid Login Details	postLoginDetails	1448905776274	1448905776275	1448905776966	1448905776966	OK	 
Login And View Resources	6718932903232948162-0	REQUEST	Submit Valid Login Details	getResourceList1	1448905776971	1448905776972	1448905777009	1448905777009	OK	 
Login And View Resources	6718932903232948162-0	REQUEST	Submit Valid Login Details	getResourceList2	1448905776972	1448905777004	1448905777093	1448905777093	OK	 
Login And View Resources	6718932903232948162-0	REQUEST	Submit Valid Login Details	getResourceList3	1448905776974	1448905777004	1448905777109	1448905777109	OK	 
Login And View Resources	6718932903232948162-0	REQUEST	Submit Valid Login Details	getResourcePage	1448905776970	1448905776971	1448905777173	1448905777173	OK	 
Login And View Resources	6718932903232948162-0	REQUEST	Submit Valid Login Details	getResourcePage Redirect 1	1448905777175	1448905777176	1448905780574	1448905780579	OK	 
Login And View Resources	6718932903232948162-0	REQUEST	Submit Valid Login Details	CheckReources	1448905780587	1448905780588	1448905780940	1448905780940	OK	 
Login And View Resources	6718932903232948162-0	REQUEST	Submit Valid Login Details	CheckReources Redirect 1	1448905780941	1448905780942	1448905784721	1448905784726	KO	regex(LS1).find(0).exists, found nothing
Login And View Resources	6718932903232948162-0	REQUEST	Submit Valid Login Details	?dm=27bac6181890453140bce750f0370dbc&action=load&blogid=28&siteid=1&t=865772283&back=https%3A%2F%2Fskillful-uat.macmillan.education%2F Redirect 1	1448905784745	1448905784746	1448905785133	1448905785133	OK	 
Login And View Resources	6718932903232948162-0	GROUP	Submit Valid Login Details	1448905776272	1448905785133	9543	9	1	KO
Login And View Resources	6718932903232948162-0	REQUEST	Go To The ResourcePage	postRDC	1448905785135	1448905785136	1448905785234	1448905785234	OK	 
Login And View Resources	6718932903232948162-0	REQUEST	Go To The ResourcePage	postResourceCheck2	1448905785239	1448905785240	1448905785277	1448905785277	OK	 
Login And View Resources	6718932903232948162-0	REQUEST	Go To The ResourcePage	postResourceCheck1	1448905785238	1448905785238	1448905785280	1448905785280	OK	 
Login And View Resources	6718932903232948162-0	REQUEST	Go To The ResourcePage	getResourcePage	1448905785236	1448905785237	1448905785415	1448905785415	OK	 
Login And View Resources	6718932903232948162-0	REQUEST	Go To The ResourcePage	getResources2	1448905785333	1448905785462	1448905785481	1448905785481	OK	 
Login And View Resources	6718932903232948162-0	REQUEST	Go To The ResourcePage	getResources1	1448905785240	1448905785463	1448905785482	1448905785482	OK	 
Login And View Resources	6718932903232948162-0	REQUEST	Go To The ResourcePage	getResourcePage Redirect 1	1448905785416	1448905785417	1448905788603	1448905788606	OK	 
Login And View Resources	6718932903232948162-0	GROUP	Go To The ResourcePage	1448905785134	1448905788607	3470	6	0	OK
Login And View Resources	6718932903232948162-0	USER	END	1448905769923	1448905788613
