maced.MacedStressSimulation	macedstresssimulation	RUN	1448902762647	 	2.0
Login And View Resources	2534660952247744953-0	USER	START	1448902762664	0
Login And View Resources	2534660952247744953-0	REQUEST		Go To Home Page	1448902762695	1448902762825	1448902766278	1448902766283	OK	 
Login And View Resources	2534660952247744953-0	REQUEST		?dm=27bac6181890453140bce750f0370dbc&action=load&blogid=28&siteid=1&t=1936809164&back=https%3A%2F%2Fskillful-uat.macmillan.education%2F	1448902766391	1448902766514	1448902766905	1448902766905	OK	 
Login And View Resources	2534660952247744953-0	REQUEST		Click On Login Button	1448902767934	1448902768125	1448902768181	1448902768181	OK	 
Login And View Resources	2534660952247744953-0	REQUEST	Submit Valid Login Details	postLoginDetails	1448902769194	1448902769195	1448902769898	1448902769898	OK	 
Login And View Resources	2534660952247744953-0	REQUEST	Submit Valid Login Details	getResourceList1	1448902769903	1448902769904	1448902769948	1448902769948	OK	 
Login And View Resources	2534660952247744953-0	REQUEST	Submit Valid Login Details	getResourceList2	1448902769904	1448902769934	1448902770022	1448902770022	OK	 
Login And View Resources	2534660952247744953-0	REQUEST	Submit Valid Login Details	getResourceList3	1448902769906	1448902769936	1448902770026	1448902770026	OK	 
Login And View Resources	2534660952247744953-0	REQUEST	Submit Valid Login Details	getResourcePage	1448902769901	1448902769903	1448902770112	1448902770112	OK	 
Login And View Resources	2534660952247744953-0	REQUEST	Submit Valid Login Details	getResourcePage Redirect 1	1448902770114	1448902770115	1448902773393	1448902773399	KO	regex(Skillful Level 1).find(0).exists, found nothing
Login And View Resources	2534660952247744953-0	GROUP	Submit Valid Login Details	1448902769192	1448902773410	4213	4	1	KO
Login And View Resources	2534660952247744953-0	REQUEST	Go To The ResourcePage	postRDC	1448902773411	1448902773412	1448902773464	1448902773464	OK	 
Login And View Resources	2534660952247744953-0	REQUEST	Go To The ResourcePage	postResourceCheck2	1448902773468	1448902773470	1448902773509	1448902773509	OK	 
Login And View Resources	2534660952247744953-0	REQUEST	Go To The ResourcePage	postResourceCheck1	1448902773467	1448902773468	1448902773511	1448902773511	OK	 
Login And View Resources	2534660952247744953-0	REQUEST	Go To The ResourcePage	getResourcePage	1448902773466	1448902773467	1448902773668	1448902773668	OK	 
Login And View Resources	2534660952247744953-0	REQUEST	Go To The ResourcePage	getResources2	1448902773563	1448902773687	1448902773706	1448902773706	OK	 
Login And View Resources	2534660952247744953-0	REQUEST	Go To The ResourcePage	getResources1	1448902773470	1448902773687	1448902773706	1448902773706	OK	 
Login And View Resources	2534660952247744953-0	REQUEST	Go To The ResourcePage	getResourcePage Redirect 1	1448902773669	1448902773670	1448902777062	1448902777067	OK	 
Login And View Resources	2534660952247744953-0	GROUP	Go To The ResourcePage	1448902773411	1448902777069	3656	6	0	OK
Login And View Resources	2534660952247744953-0	USER	END	1448902762664	1448902777074
