maced.MacedStressSimulation	macedstresssimulation	RUN	1448902440889	 	2.0
Login And View Resources	7460251279140108213-0	USER	START	1448902440905	0
Login And View Resources	7460251279140108213-0	REQUEST		Go To Home Page	1448902440936	1448902441043	1448902444091	1448902444097	OK	 
Login And View Resources	7460251279140108213-0	REQUEST		?dm=27bac6181890453140bce750f0370dbc&action=load&blogid=28&siteid=1&t=1826514608&back=https%3A%2F%2Fskillful-uat.macmillan.education%2F	1448902444201	1448902444308	1448902444648	1448902444648	OK	 
Login And View Resources	7460251279140108213-0	REQUEST		Click On Login Button	1448902445676	1448902445805	1448902445880	1448902445880	OK	 
Login And View Resources	7460251279140108213-0	REQUEST	Submit Valid Login Details	postLoginDetails	1448902446897	1448902446898	1448902447432	1448902447432	OK	 
Login And View Resources	7460251279140108213-0	REQUEST	Submit Valid Login Details	getResourceList1	1448902447437	1448902447438	1448902447484	1448902447484	OK	 
Login And View Resources	7460251279140108213-0	REQUEST	Submit Valid Login Details	getResourceList2	1448902447438	1448902447468	1448902447575	1448902447575	OK	 
Login And View Resources	7460251279140108213-0	REQUEST	Submit Valid Login Details	getResourceList3	1448902447440	1448902447479	1448902447595	1448902447595	OK	 
Login And View Resources	7460251279140108213-0	REQUEST	Submit Valid Login Details	getResourcePage	1448902447435	1448902447437	1448902447806	1448902447806	OK	 
Login And View Resources	7460251279140108213-0	REQUEST	Submit Valid Login Details	getResourcePage Redirect 1	1448902447807	1448902447808	1448902451796	1448902451801	OK	 
Login And View Resources	7460251279140108213-0	GROUP	Submit Valid Login Details	1448902446894	1448902451802	4902	5	0	OK
Login And View Resources	7460251279140108213-0	REQUEST	Go To The ResourcePage	postRDC	1448902451803	1448902451804	1448902451860	1448902451860	OK	 
Login And View Resources	7460251279140108213-0	REQUEST	Go To The ResourcePage	postResourceCheck2	1448902451865	1448902451867	1448902451905	1448902451905	OK	 
Login And View Resources	7460251279140108213-0	REQUEST	Go To The ResourcePage	postResourceCheck1	1448902451864	1448902451865	1448902451908	1448902451908	OK	 
Login And View Resources	7460251279140108213-0	REQUEST	Go To The ResourcePage	getResources2	1448902451869	1448902452011	1448902452028	1448902452028	OK	 
Login And View Resources	7460251279140108213-0	REQUEST	Go To The ResourcePage	getResources1	1448902451867	1448902452012	1448902452029	1448902452029	OK	 
Login And View Resources	7460251279140108213-0	REQUEST	Go To The ResourcePage	getResourcePage	1448902451863	1448902451864	1448902452199	1448902452200	OK	 
Login And View Resources	7460251279140108213-0	REQUEST	Go To The ResourcePage	getResourcePage Redirect 1	1448902452201	1448902452202	1448902455556	1448902455560	KO	regex(Skillful Level 1).find(0).exists, found nothing
Login And View Resources	7460251279140108213-0	GROUP	Go To The ResourcePage	1448902451803	1448902455572	3767	5	1	KO
Login And View Resources	7460251279140108213-0	USER	END	1448902440905	1448902455578
