computerdatabase.advanced.AdvancedSimulationStep04	5	RUN	1446483407845	test	2.0
Users	1608276259301444156-0	USER	START	1446483407867	0
Admins	1608276259301444156-10	USER	START	1446483407871	0
Admins	1608276259301444156-10	REQUEST		Home	1446483407898	1446483407914	1446483407927	1446483407927	OK	 
Users	1608276259301444156-0	REQUEST		Home	1446483407898	1446483407914	1446483407927	1446483407927	OK	 
Admins	1608276259301444156-10	REQUEST		Home Redirect 1	1446483407937	1446483407949	1446483407967	1446483407967	OK	 
Users	1608276259301444156-0	REQUEST		Home Redirect 1	1446483407937	1446483407949	1446483407967	1446483407967	OK	 
Users	1608276259301444156-1	USER	START	1446483408888	0
Users	1608276259301444156-1	REQUEST		Home	1446483408889	1446483408901	1446483408915	1446483408915	OK	 
Users	1608276259301444156-1	REQUEST		Home Redirect 1	1446483408916	1446483408927	1446483408947	1446483408947	OK	 
Users	1608276259301444156-0	REQUEST		Search	1446483408993	1446483409006	1446483409056	1446483409056	OK	 
Admins	1608276259301444156-10	REQUEST		Search	1446483408993	1446483409006	1446483409064	1446483409064	KO	css(a:contains('MacBook Pro')).find(0).exists, found nothing
Users	1608276259301444156-2	USER	START	1446483409888	0
Users	1608276259301444156-2	REQUEST		Home	1446483409889	1446483409900	1446483409912	1446483409912	OK	 
Users	1608276259301444156-2	REQUEST		Home Redirect 1	1446483409913	1446483409923	1446483409941	1446483409941	OK	 
Users	1608276259301444156-1	REQUEST		Search	1446483409969	1446483409981	1446483410033	1446483410033	OK	 
Admins	1608276259301444156-10	REQUEST		Select	1446483410059	1446483410059	1446483410059	1446483410059	KO	No attribute named 'computerURL' is defined
Users	1608276259301444156-0	REQUEST		Select	1446483410059	1446483410069	1446483410083	1446483410083	OK	 
Users	1608276259301444156-3	USER	START	1446483410887	0
Users	1608276259301444156-3	REQUEST		Home	1446483410888	1446483410899	1446483410911	1446483410911	OK	 
Users	1608276259301444156-3	REQUEST		Home Redirect 1	1446483410912	1446483410923	1446483410942	1446483410942	OK	 
Users	1608276259301444156-2	REQUEST		Search	1446483410959	1446483410970	1446483411021	1446483411021	KO	css(a:contains('MacBook Pro')).find(0).exists, found nothing
Users	1608276259301444156-1	REQUEST		Select	1446483411030	1446483411045	1446483411059	1446483411059	OK	 
Admins	1608276259301444156-10	REQUEST		Page 0	1446483411071	1446483411082	1446483411100	1446483411100	OK	 
Users	1608276259301444156-0	REQUEST		Page 0	1446483411079	1446483411090	1446483411106	1446483411106	OK	 
Users	1608276259301444156-4	USER	START	1446483411887	0
Users	1608276259301444156-4	REQUEST		Home	1446483411888	1446483411901	1446483411913	1446483411913	OK	 
Users	1608276259301444156-4	REQUEST		Home Redirect 1	1446483411914	1446483411925	1446483411943	1446483411943	OK	 
Users	1608276259301444156-3	REQUEST		Search	1446483411958	1446483411969	1446483412016	1446483412016	OK	 
Users	1608276259301444156-2	REQUEST		Select	1446483412019	1446483412019	1446483412019	1446483412019	KO	No attribute named 'computerURL' is defined
Users	1608276259301444156-1	REQUEST		Page 0	1446483412070	1446483412081	1446483412099	1446483412099	OK	 
Admins	1608276259301444156-10	REQUEST		Page 1	1446483412099	1446483412113	1446483412129	1446483412129	OK	 
Users	1608276259301444156-0	REQUEST		Page 1	1446483412108	1446483412119	1446483412136	1446483412136	OK	 
Admins	1608276259301444156-11	USER	START	1446483412887	0
Users	1608276259301444156-5	USER	START	1446483412887	0
Users	1608276259301444156-5	REQUEST		Home	1446483412888	1446483412902	1446483412913	1446483412913	OK	 
Admins	1608276259301444156-11	REQUEST		Home	1446483412888	1446483412902	1446483412914	1446483412914	OK	 
Users	1608276259301444156-5	REQUEST		Home Redirect 1	1446483412914	1446483412926	1446483412944	1446483412944	OK	 
Admins	1608276259301444156-11	REQUEST		Home Redirect 1	1446483412914	1446483412926	1446483412944	1446483412944	OK	 
Users	1608276259301444156-4	REQUEST		Search	1446483412958	1446483412970	1446483413026	1446483413026	KO	css(a:contains('MacBook Pro')).find(0).exists, found nothing
Users	1608276259301444156-3	REQUEST		Select	1446483413027	1446483413042	1446483413055	1446483413055	OK	 
Users	1608276259301444156-2	REQUEST		Page 0	1446483413027	1446483413043	1446483413060	1446483413061	OK	 
Users	1608276259301444156-1	REQUEST		Page 1	1446483413098	1446483413109	1446483413127	1446483413127	OK	 
Admins	1608276259301444156-10	REQUEST		Page 2	1446483413127	1446483413139	1446483413157	1446483413157	OK	 
Users	1608276259301444156-0	REQUEST		Page 2	1446483413139	1446483413150	1446483413165	1446483413165	OK	 
Users	1608276259301444156-6	USER	START	1446483413888	0
Users	1608276259301444156-6	REQUEST		Home	1446483413889	1446483413900	1446483413917	1446483413917	OK	 
Users	1608276259301444156-6	REQUEST		Home Redirect 1	1446483413918	1446483413938	1446483413963	1446483413963	OK	 
Users	1608276259301444156-4	REQUEST		Select	1446483414039	1446483414039	1446483414039	1446483414039	KO	No attribute named 'computerURL' is defined
Admins	1608276259301444156-11	REQUEST		Search	1446483413959	1446483413973	1446483414036	1446483414036	KO	css(a:contains('MacBook Pro')).find(0).exists, found nothing
Users	1608276259301444156-5	REQUEST		Search	1446483413959	1446483413973	1446483414036	1446483414036	KO	css(a:contains('MacBook Pro')).find(0).exists, found nothing
Users	1608276259301444156-3	REQUEST		Page 0	1446483414049	1446483414064	1446483414084	1446483414084	OK	 
Users	1608276259301444156-2	REQUEST		Page 1	1446483414058	1446483414071	1446483414090	1446483414090	OK	 
Users	1608276259301444156-1	REQUEST		Page 2	1446483414130	1446483414143	1446483414160	1446483414160	OK	 
Users	1608276259301444156-0	REQUEST		Page 3	1446483414158	1446483414169	1446483414186	1446483414186	OK	 
Admins	1608276259301444156-10	REQUEST		Page 3	1446483414158	1446483414169	1446483414190	1446483414190	OK	 
Users	1608276259301444156-7	USER	START	1446483414889	0
Users	1608276259301444156-7	REQUEST		Home	1446483414889	1446483414901	1446483414914	1446483414914	OK	 
Users	1608276259301444156-7	REQUEST		Home Redirect 1	1446483414914	1446483414927	1446483414948	1446483414948	OK	 
Users	1608276259301444156-6	REQUEST		Search	1446483414980	1446483414991	1446483415040	1446483415040	OK	 
Admins	1608276259301444156-11	REQUEST		Select	1446483415048	1446483415048	1446483415048	1446483415048	KO	No attribute named 'computerURL' is defined
Users	1608276259301444156-5	REQUEST		Select	1446483415048	1446483415048	1446483415048	1446483415048	KO	No attribute named 'computerURL' is defined
Users	1608276259301444156-4	REQUEST		Page 0	1446483415038	1446483415050	1446483415069	1446483415069	OK	 
Users	1608276259301444156-3	REQUEST		Page 1	1446483415078	1446483415089	1446483415106	1446483415106	OK	 
Users	1608276259301444156-2	REQUEST		Page 2	1446483415089	1446483415100	1446483415118	1446483415118	OK	 
Users	1608276259301444156-0	USER	END	1446483407867	1446483415191
Users	1608276259301444156-1	REQUEST		Page 3	1446483415158	1446483415178	1446483415195	1446483415195	OK	 
Admins	1608276259301444156-10	REQUEST		Form	1446483415189	1446483415200	1446483415214	1446483415214	OK	 
Users	1608276259301444156-8	USER	START	1446483415887	0
Users	1608276259301444156-8	REQUEST		Home	1446483415888	1446483415898	1446483415911	1446483415911	OK	 
Users	1608276259301444156-8	REQUEST		Home Redirect 1	1446483415912	1446483415926	1446483415945	1446483415945	OK	 
Users	1608276259301444156-7	REQUEST		Search	1446483415970	1446483415981	1446483416037	1446483416038	KO	css(a:contains('MacBook Pro')).find(0).exists, found nothing
Users	1608276259301444156-6	REQUEST		Select	1446483416048	1446483416059	1446483416073	1446483416073	OK	 
Users	1608276259301444156-5	REQUEST		Page 0	1446483416048	1446483416059	1446483416079	1446483416079	OK	 
Admins	1608276259301444156-11	REQUEST		Page 0	1446483416048	1446483416059	1446483416079	1446483416079	OK	 
Users	1608276259301444156-4	REQUEST		Page 1	1446483416069	1446483416082	1446483416100	1446483416100	OK	 
Users	1608276259301444156-3	REQUEST		Page 2	1446483416108	1446483416121	1446483416137	1446483416137	OK	 
Users	1608276259301444156-2	REQUEST		Page 3	1446483416129	1446483416140	1446483416157	1446483416157	OK	 
Users	1608276259301444156-1	USER	END	1446483408888	1446483416188
Admins	1608276259301444156-10	REQUEST		Post	1446483416210	1446483416222	1446483416236	1446483416236	OK	 
Admins	1608276259301444156-10	REQUEST		Post Redirect 1	1446483416243	1446483416257	1446483416278	1446483416278	OK	 
Admins	1608276259301444156-10	USER	END	1446483407871	1446483416282
Users	1608276259301444156-9	USER	START	1446483416888	0
Users	1608276259301444156-9	REQUEST		Home	1446483416888	1446483416900	1446483416912	1446483416912	OK	 
Users	1608276259301444156-9	REQUEST		Home Redirect 1	1446483416913	1446483416924	1446483416944	1446483416944	OK	 
Users	1608276259301444156-8	REQUEST		Search	1446483416959	1446483416970	1446483417026	1446483417026	KO	css(a:contains('MacBook Pro')).find(0).exists, found nothing
Users	1608276259301444156-7	REQUEST		Select	1446483417038	1446483417038	1446483417038	1446483417038	KO	No attribute named 'computerURL' is defined
Users	1608276259301444156-6	REQUEST		Page 0	1446483417068	1446483417082	1446483417102	1446483417102	OK	 
Admins	1608276259301444156-11	REQUEST		Page 1	1446483417078	1446483417092	1446483417109	1446483417109	OK	 
Users	1608276259301444156-5	REQUEST		Page 1	1446483417078	1446483417092	1446483417109	1446483417109	OK	 
Users	1608276259301444156-4	REQUEST		Page 2	1446483417099	1446483417109	1446483417126	1446483417126	OK	 
Users	1608276259301444156-2	USER	END	1446483409888	1446483417149
Users	1608276259301444156-3	REQUEST		Page 3	1446483417150	1446483417162	1446483417180	1446483417180	OK	 
Users	1608276259301444156-9	REQUEST		Search	1446483417958	1446483417971	1446483418016	1446483418016	OK	 
Users	1608276259301444156-8	REQUEST		Select	1446483418038	1446483418038	1446483418038	1446483418038	KO	No attribute named 'computerURL' is defined
Users	1608276259301444156-7	REQUEST		Page 0	1446483418039	1446483418049	1446483418067	1446483418067	OK	 
Admins	1608276259301444156-11	REQUEST		Page 2	1446483418108	1446483418121	1446483418138	1446483418138	OK	 
Users	1608276259301444156-6	REQUEST		Page 1	1446483418108	1446483418121	1446483418138	1446483418138	OK	 
Users	1608276259301444156-5	REQUEST		Page 2	1446483418108	1446483418121	1446483418142	1446483418142	OK	 
Users	1608276259301444156-4	REQUEST		Page 3	1446483418118	1446483418129	1446483418145	1446483418145	OK	 
Users	1608276259301444156-3	USER	END	1446483410887	1446483418178
Users	1608276259301444156-9	REQUEST		Select	1446483419018	1446483419038	1446483419053	1446483419053	OK	 
Users	1608276259301444156-8	REQUEST		Page 0	1446483419038	1446483419050	1446483419068	1446483419068	OK	 
Users	1608276259301444156-7	REQUEST		Page 1	1446483419067	1446483419078	1446483419094	1446483419094	OK	 
Users	1608276259301444156-4	USER	END	1446483411887	1446483419148
Users	1608276259301444156-6	REQUEST		Page 2	1446483419138	1446483419149	1446483419169	1446483419169	OK	 
Admins	1608276259301444156-11	REQUEST		Page 3	1446483419138	1446483419149	1446483419170	1446483419170	OK	 
Users	1608276259301444156-5	REQUEST		Page 3	1446483419139	1446483419149	1446483419173	1446483419173	OK	 
Users	1608276259301444156-9	REQUEST		Page 0	1446483420059	1446483420070	1446483420091	1446483420091	OK	 
Users	1608276259301444156-8	REQUEST		Page 1	1446483420069	1446483420083	1446483420105	1446483420105	OK	 
Users	1608276259301444156-7	REQUEST		Page 2	1446483420088	1446483420099	1446483420115	1446483420115	OK	 
Users	1608276259301444156-5	USER	END	1446483412887	1446483420177
Admins	1608276259301444156-11	REQUEST		Form	1446483420169	1446483420180	1446483420195	1446483420195	OK	 
Users	1608276259301444156-6	REQUEST		Page 3	1446483420169	1446483420180	1446483420201	1446483420201	OK	 
Users	1608276259301444156-9	REQUEST		Page 1	1446483421089	1446483421099	1446483421118	1446483421118	OK	 
Users	1608276259301444156-8	REQUEST		Page 2	1446483421098	1446483421109	1446483421124	1446483421124	OK	 
Users	1608276259301444156-7	REQUEST		Page 3	1446483421117	1446483421128	1446483421143	1446483421143	OK	 
Users	1608276259301444156-6	USER	END	1446483413888	1446483421199
Admins	1608276259301444156-11	REQUEST		Post	1446483421200	1446483421212	1446483421225	1446483421225	OK	 
Admins	1608276259301444156-11	REQUEST		Post Redirect 1	1446483421226	1446483421238	1446483421258	1446483421258	OK	 
Admins	1608276259301444156-11	USER	END	1446483412887	1446483421259
Users	1608276259301444156-7	USER	END	1446483414889	1446483422148
Users	1608276259301444156-8	REQUEST		Page 3	1446483422130	1446483422141	1446483422159	1446483422159	OK	 
Users	1608276259301444156-9	REQUEST		Page 2	1446483422130	1446483422141	1446483422159	1446483422159	OK	 
Users	1608276259301444156-8	USER	END	1446483415887	1446483423158
Users	1608276259301444156-9	REQUEST		Page 3	1446483423149	1446483423160	1446483423178	1446483423178	OK	 
Users	1608276259301444156-9	USER	END	1446483416888	1446483424189
