maced.MacedStressSimulation	macedstresssimulation	RUN	1449060328359	 	2.0
Login And View Resources	3720736988671592638-0	USER	START	1449060328379	0
Login And View Resources	3720736988671592638-0	REQUEST		Go To Home Page	1449060328412	1449060328524	1449060331438	1449060331444	OK	 
Login And View Resources	3720736988671592638-0	REQUEST		fastclick.js	1449060331560	1449060331561	1449060331608	1449060331609	OK	 
Login And View Resources	3720736988671592638-0	REQUEST		gbn8cte.js	1449060331569	1449060331632	1449060331639	1449060331646	OK	 
Login And View Resources	3720736988671592638-0	REQUEST		main-latest.js	1449060331580	1449060331651	1449060331659	1449060331659	OK	 
Login And View Resources	3720736988671592638-0	REQUEST		scripts.js	1449060331565	1449060331596	1449060331671	1449060331671	OK	 
Login And View Resources	3720736988671592638-0	REQUEST		scripts.js	1449060331561	1449060331592	1449060331676	1449060331676	OK	 
Login And View Resources	3720736988671592638-0	REQUEST		client.js	1449060331568	1449060331603	1449060331679	1449060331679	OK	 
Login And View Resources	3720736988671592638-0	REQUEST		jquery.form.min.js	1449060331563	1449060331593	1449060331681	1449060331681	OK	 
Login And View Resources	3720736988671592638-0	REQUEST		jquery-1.11.3.min.js	1449060331572	1449060331662	1449060331682	1449060331688	OK	 
Login And View Resources	3720736988671592638-0	REQUEST		settings_uat.js	1449060331558	1449060331722	1449060331754	1449060331754	OK	 
Login And View Resources	3720736988671592638-0	REQUEST		main-latest.js Redirect 1	1449060331661	1449060331662	1449060331701	1449060331780	OK	 
Login And View Resources	3720736988671592638-0	REQUEST		functions-uat.js	1449060331554	1449060331737	1449060331945	1449060332136	OK	 
Login And View Resources	3720736988671592638-0	REQUEST		Click On Login Button	1449060333155	1449060333283	1449060333366	1449060333366	OK	 
Login And View Resources	3720736988671592638-0	REQUEST	Submit Valid Login Details	postLoginDetails	1449060334377	1449060334378	1449060334950	1449060334950	OK	 
Login And View Resources	3720736988671592638-0	REQUEST	Submit Valid Login Details	getResourcePage	1449060334953	1449060334954	1449060335314	1449060335314	OK	 
Login And View Resources	3720736988671592638-0	REQUEST	Submit Valid Login Details	getResourcePage Redirect 1	1449060335315	1449060335317	1449060337603	1449060337604	OK	 
Login And View Resources	3720736988671592638-0	REQUEST	Submit Valid Login Details	CheckResources	1449060337614	1449060337614	1449060337948	1449060337948	OK	 
Login And View Resources	3720736988671592638-0	REQUEST	Submit Valid Login Details	CheckResources Redirect 1	1449060337949	1449060337950	1449060340128	1449060340129	OK	 
Login And View Resources	3720736988671592638-0	REQUEST	Submit Valid Login Details	fastclick.js Redirect 1	1449060340142	1449060340143	1449060340169	1449060340169	OK	 
Login And View Resources	3720736988671592638-0	REQUEST	Submit Valid Login Details	scripts.js Redirect 1	1449060340143	1449060340144	1449060340170	1449060340170	OK	 
Login And View Resources	3720736988671592638-0	REQUEST	Submit Valid Login Details	client.js Redirect 1	1449060340145	1449060340146	1449060340171	1449060340171	OK	 
Login And View Resources	3720736988671592638-0	REQUEST	Submit Valid Login Details	scripts.js Redirect 1	1449060340145	1449060340145	1449060340171	1449060340171	OK	 
Login And View Resources	3720736988671592638-0	REQUEST	Submit Valid Login Details	jquery.form.min.js Redirect 1	1449060340144	1449060340145	1449060340172	1449060340172	OK	 
Login And View Resources	3720736988671592638-0	REQUEST	Submit Valid Login Details	settings_uat.js Redirect 1	1449060340147	1449060340147	1449060340185	1449060340185	OK	 
Login And View Resources	3720736988671592638-0	REQUEST	Submit Valid Login Details	main-latest.js Redirect 2	1449060340148	1449060340148	1449060340196	1449060340267	OK	 
Login And View Resources	3720736988671592638-0	REQUEST	Submit Valid Login Details	functions-uat.js Redirect 1	1449060340146	1449060340147	1449060340375	1449060340375	OK	 
Login And View Resources	3720736988671592638-0	GROUP	Submit Valid Login Details	1449060334375	1449060340376	8988	23	0	OK
Login And View Resources	3720736988671592638-0	REQUEST	Go To The ResourcePage	getResourcePage	1449060340377	1449060340378	1449060340551	1449060340551	OK	 
Login And View Resources	3720736988671592638-0	REQUEST	Go To The ResourcePage	getResourcePage Redirect 1	1449060340552	1449060340553	1449060342746	1449060342747	OK	 
Login And View Resources	3720736988671592638-0	REQUEST	Go To The ResourcePage	scripts.js Redirect 1	1449060342759	1449060342760	1449060342780	1449060342780	OK	 
Login And View Resources	3720736988671592638-0	REQUEST	Go To The ResourcePage	scripts.js Redirect 1	1449060342758	1449060342759	1449060342780	1449060342780	OK	 
Login And View Resources	3720736988671592638-0	REQUEST	Go To The ResourcePage	jquery.form.min.js Redirect 1	1449060342759	1449060342759	1449060342781	1449060342781	OK	 
Login And View Resources	3720736988671592638-0	REQUEST	Go To The ResourcePage	fastclick.js Redirect 1	1449060342758	1449060342758	1449060342781	1449060342781	OK	 
Login And View Resources	3720736988671592638-0	REQUEST	Go To The ResourcePage	client.js Redirect 1	1449060342760	1449060342760	1449060342782	1449060342782	OK	 
Login And View Resources	3720736988671592638-0	REQUEST	Go To The ResourcePage	settings_uat.js Redirect 1	1449060342761	1449060342761	1449060342791	1449060342791	OK	 
Login And View Resources	3720736988671592638-0	REQUEST	Go To The ResourcePage	main-latest.js Redirect 2	1449060342762	1449060342762	1449060342802	1449060342870	OK	 
Login And View Resources	3720736988671592638-0	REQUEST	Go To The ResourcePage	functions-uat.js Redirect 1	1449060342760	1449060342761	1449060342951	1449060342951	OK	 
Login And View Resources	3720736988671592638-0	GROUP	Go To The ResourcePage	1449060340377	1449060342952	4130	21	0	OK
Login And View Resources	3720736988671592638-0	USER	END	1449060328379	1449060342959
