RecordedSimulation	1	RUN	1441706878261	12	2.0
RecordedSimulation	6184859879821325402-0	USER	START	1441706878281	0
RecordedSimulation	6184859879821325402-0	REQUEST		request_0	1441706878307	1441706878792	1441706878852	1441706878853	OK	 
RecordedSimulation	6184859879821325402-0	REQUEST		request_0 Redirect 1	1441706878861	1441706878916	1441706879000	1441706879000	OK	 
RecordedSimulation	6184859879821325402-0	REQUEST		request_1 Redirect 1	1441706879095	1441706879129	1441706879190	1441706879190	OK	 
RecordedSimulation	6184859879821325402-0	REQUEST		main.css Redirect 1	1441706879094	1441706879130	1441706879191	1441706879191	OK	 
RecordedSimulation	6184859879821325402-0	REQUEST		request_2 Redirect 1	1441706879095	1441706879150	1441706879229	1441706879229	OK	 
RecordedSimulation	6184859879821325402-0	REQUEST		bootstrap.min.css Redirect 1	1441706879094	1441706879129	1441706879190	1441706879229	OK	 
RecordedSimulation	6184859879821325402-0	REQUEST		request_3	1441706931259	1441706931739	1441706931815	1441706931815	OK	 
RecordedSimulation	6184859879821325402-0	REQUEST		request_4	1441706970817	1441706970873	1441706970944	1441706970944	OK	 
RecordedSimulation	6184859879821325402-0	REQUEST		request_5	1441706976947	1441706976994	1441706977082	1441706977082	OK	 
RecordedSimulation	6184859879821325402-0	REQUEST		request_6	1441706989087	1441706989131	1441706989199	1441706989199	OK	 
RecordedSimulation	6184859879821325402-0	REQUEST		request_7	1441707089198	1441707089239	1441707089322	1441707089322	OK	 
RecordedSimulation	6184859879821325402-0	REQUEST		request_8	1441707095338	1441707095389	1441707095466	1441707095466	OK	 
RecordedSimulation	6184859879821325402-0	REQUEST		request_9	1441707095470	1441707095532	1441707095616	1441707095617	OK	 
RecordedSimulation	6184859879821325402-0	REQUEST		request_10	1441707095470	1441707095532	1441707095617	1441707095617	OK	 
RecordedSimulation	6184859879821325402-0	REQUEST		request_11	1441707095470	1441707095532	1441707095617	1441707095617	OK	 
RecordedSimulation	6184859879821325402-0	REQUEST		request_12	1441707109617	1441707109670	1441707109743	1441707109743	OK	 
RecordedSimulation	6184859879821325402-0	REQUEST		request_13	1441707140740	1441707140783	1441707140834	1441707140834	OK	 
RecordedSimulation	6184859879821325402-0	REQUEST		request_14	1441707156838	1441707156881	1441707156928	1441707156928	OK	 
RecordedSimulation	6184859879821325402-0	REQUEST		request_14 Redirect 1	1441707156935	1441707156974	1441707157047	1441707157047	OK	 
RecordedSimulation	6184859879821325402-0	USER	END	1441706878281	1441707157055
