maced.RecordedSimulation	login	RUN	1448555037784	login	2.0
RecordedSimulation	3396945853363567133-0	USER	START	1448555037800	0
RecordedSimulation	3396945853363567133-0	REQUEST		request_0	1448555037836	1448555037962	1448555038040	1448555038042	OK	 
RecordedSimulation	3396945853363567133-0	REQUEST		request_1	1448555055066	1448555055067	1448555055719	1448555055719	OK	 
RecordedSimulation	3396945853363567133-0	REQUEST		request_29	1448555056229	1448555056297	1448555056362	1448555056362	OK	 
RecordedSimulation	3396945853363567133-0	REQUEST		request_8	1448555055736	1448555056289	1448555056360	1448555056375	OK	 
RecordedSimulation	3396945853363567133-0	REQUEST		request_6	1448555056243	1448555056358	1448555056391	1448555056391	OK	 
RecordedSimulation	3396945853363567133-0	REQUEST		request_11	1448555056251	1448555056367	1448555056396	1448555056396	OK	 
RecordedSimulation	3396945853363567133-0	REQUEST		request_10	1448555056249	1448555056351	1448555056390	1448555056404	OK	 
RecordedSimulation	3396945853363567133-0	REQUEST		request_17	1448555056254	1448555056359	1448555056395	1448555056409	OK	 
RecordedSimulation	3396945853363567133-0	REQUEST		request_7	1448555056246	1448555056358	1448555056398	1448555056414	OK	 
RecordedSimulation	3396945853363567133-0	REQUEST		request_14	1448555056226	1448555056289	1448555056421	1448555056421	OK	 
RecordedSimulation	3396945853363567133-0	REQUEST		request_13	1448555056224	1448555056294	1448555056395	1448555056479	OK	 
RecordedSimulation	3396945853363567133-0	REQUEST		request_23	1448555056255	1448555056410	1448555056555	1448555056591	OK	 
RecordedSimulation	3396945853363567133-0	REQUEST		request_5	1448555056233	1448555056361	1448555056750	1448555056750	OK	 
RecordedSimulation	3396945853363567133-0	REQUEST		request_22	1448555056748	1448555056815	1448555056820	1448555056820	OK	 
RecordedSimulation	3396945853363567133-0	REQUEST		request_12	1448555056341	1448555056818	1448555056828	1448555056835	OK	 
RecordedSimulation	3396945853363567133-0	REQUEST		request_2	1448555056787	1448555056788	1448555056841	1448555056841	OK	 
RecordedSimulation	3396945853363567133-0	REQUEST		request_18	1448555056818	1448555056819	1448555056844	1448555056844	OK	 
RecordedSimulation	3396945853363567133-0	REQUEST		request_19	1448555056820	1448555056820	1448555056847	1448555056847	OK	 
RecordedSimulation	3396945853363567133-0	REQUEST		request_24	1448555056822	1448555056822	1448555056852	1448555056852	OK	 
RecordedSimulation	3396945853363567133-0	REQUEST		request_21	1448555056821	1448555056821	1448555056847	1448555056858	OK	 
RecordedSimulation	3396945853363567133-0	REQUEST		request_28	1448555056764	1448555056867	1448555056892	1448555056892	OK	 
RecordedSimulation	3396945853363567133-0	REQUEST		request_16	1448555056769	1448555056848	1448555056895	1448555056895	OK	 
RecordedSimulation	3396945853363567133-0	REQUEST		request_27	1448555056762	1448555056868	1448555056897	1448555056897	OK	 
RecordedSimulation	3396945853363567133-0	REQUEST		request_9	1448555056766	1448555056854	1448555056878	1448555056899	OK	 
RecordedSimulation	3396945853363567133-0	REQUEST		request_25	1448555056751	1448555056869	1448555056903	1448555056903	OK	 
RecordedSimulation	3396945853363567133-0	REQUEST		request_26	1448555056761	1448555056867	1448555056895	1448555056908	OK	 
RecordedSimulation	3396945853363567133-0	REQUEST		request_20	1448555056786	1448555056854	1448555056924	1448555057041	OK	 
RecordedSimulation	3396945853363567133-0	REQUEST		request_16 Redirect 1	1448555056896	1448555056897	1448555056967	1448555057052	OK	 
RecordedSimulation	3396945853363567133-0	REQUEST		request_15	1448555056790	1448555056897	1448555057268	1448555057268	OK	 
RecordedSimulation	3396945853363567133-0	REQUEST		request_3	1448555056788	1448555056825	1448555057549	1448555057549	OK	 
RecordedSimulation	3396945853363567133-0	REQUEST		request_4	1448555056789	1448555056826	1448555058047	1448555058047	OK	 
RecordedSimulation	3396945853363567133-0	REQUEST		request_5 Redirect 1	1448555056752	1448555056754	1448555058022	1448555059443	OK	 
RecordedSimulation	3396945853363567133-0	REQUEST		request_30	1448555060446	1448555060447	1448555060493	1448555060493	OK	 
RecordedSimulation	3396945853363567133-0	REQUEST		request_32	1448555060497	1448555060498	1448555060533	1448555060533	OK	 
RecordedSimulation	3396945853363567133-0	REQUEST		request_31	1448555060496	1448555060497	1448555060539	1448555060539	OK	 
RecordedSimulation	3396945853363567133-0	REQUEST		request_33	1448555060498	1448555060652	1448555060669	1448555060669	OK	 
RecordedSimulation	3396945853363567133-0	REQUEST		request_34	1448555060521	1448555060652	1448555060670	1448555060670	OK	 
RecordedSimulation	3396945853363567133-0	REQUEST		request_35	1448555060522	1448555060666	1448555060682	1448555060682	KO	status.find.in(200,304,201,202,203,204,205,206,207,208,209), but actually found 400
RecordedSimulation	3396945853363567133-0	REQUEST		request_36	1448555060523	1448555060669	1448555060685	1448555060685	KO	status.find.in(200,304,201,202,203,204,205,206,207,208,209), but actually found 400
RecordedSimulation	3396945853363567133-0	USER	END	1448555037800	1448555060701
