maced.MacedStressSimulation	macedstresssimulation	RUN	1448902041370	 	2.0
Login And View Resources	8450629215062609324-0	USER	START	1448902041389	0
Login And View Resources	8450629215062609324-0	REQUEST		Go To Home Page	1448902041427	1448902041563	1448902045211	1448902045217	OK	 
Login And View Resources	8450629215062609324-0	REQUEST		?dm=27bac6181890453140bce750f0370dbc&action=load&blogid=28&siteid=1&t=1044662852&back=https%3A%2F%2Fskillful-uat.macmillan.education%2F	1448902045324	1448902045474	1448902045897	1448902045897	OK	 
Login And View Resources	8450629215062609324-0	REQUEST		Click On Login Button	1448902046927	1448902047138	1448902047220	1448902047220	OK	 
Login And View Resources	8450629215062609324-0	REQUEST	Submit Valid Login Details	postLoginDetails	1448902048217	1448902048218	1448902048793	1448902048793	OK	 
Login And View Resources	8450629215062609324-0	REQUEST	Submit Valid Login Details	getResourceList1	1448902048799	1448902048799	1448902048839	1448902048839	OK	 
Login And View Resources	8450629215062609324-0	REQUEST	Submit Valid Login Details	getResourceList2	1448902048800	1448902048831	1448902048918	1448902048918	OK	 
Login And View Resources	8450629215062609324-0	REQUEST	Submit Valid Login Details	getResourceList3	1448902048802	1448902048832	1448902048923	1448902048923	OK	 
Login And View Resources	8450629215062609324-0	REQUEST	Submit Valid Login Details	getResourcePage	1448902048797	1448902048798	1448902049030	1448902049030	OK	 
Login And View Resources	8450629215062609324-0	REQUEST	Submit Valid Login Details	getResourcePage Redirect 1	1448902049032	1448902049033	1448902052319	1448902052324	OK	 
Login And View Resources	8450629215062609324-0	GROUP	Submit Valid Login Details	1448902048215	1448902052325	4104	5	0	OK
Login And View Resources	8450629215062609324-0	REQUEST	Go To The ResourcePage	postRDC	1448902052326	1448902052327	1448902052384	1448902052384	OK	 
Login And View Resources	8450629215062609324-0	REQUEST	Go To The ResourcePage	postResourceCheck1	1448902052388	1448902052390	1448902052434	1448902052434	OK	 
Login And View Resources	8450629215062609324-0	REQUEST	Go To The ResourcePage	postResourceCheck2	1448902052390	1448902052391	1448902052446	1448902052446	OK	 
Login And View Resources	8450629215062609324-0	REQUEST	Go To The ResourcePage	getResources1	1448902052391	1448902052619	1448902052638	1448902052638	OK	 
Login And View Resources	8450629215062609324-0	REQUEST	Go To The ResourcePage	getResources2	1448902052489	1448902052619	1448902052638	1448902052638	OK	 
Login And View Resources	8450629215062609324-0	REQUEST	Go To The ResourcePage	getResourcePage	1448902052387	1448902052388	1448902052727	1448902052727	OK	 
Login And View Resources	8450629215062609324-0	REQUEST	Go To The ResourcePage	getResourcePage Redirect 1	1448902052728	1448902052729	1448902056324	1448902056329	OK	 
Login And View Resources	8450629215062609324-0	GROUP	Go To The ResourcePage	1448902052325	1448902056330	4001	6	0	OK
Login And View Resources	8450629215062609324-0	USER	END	1448902041389	1448902056335
