computerdatabase.advanced.AdvancedSimulationStep05	advancedsimulationstep05	RUN	1446483349526	test	2.0
Users	4768423541379612462-0	USER	START	1446483349549	0
Admins	4768423541379612462-10	USER	START	1446483349553	0
Admins	4768423541379612462-10	REQUEST		Home	1446483349586	1446483349619	1446483349649	1446483349649	OK	 
Users	4768423541379612462-0	REQUEST		Home	1446483349586	1446483349619	1446483349649	1446483349649	OK	 
Users	4768423541379612462-0	REQUEST		Home Redirect 1	1446483349662	1446483349685	1446483349706	1446483349706	OK	 
Admins	4768423541379612462-10	REQUEST		Home Redirect 1	1446483349662	1446483349685	1446483349706	1446483349706	OK	 
Users	4768423541379612462-1	USER	START	1446483350569	0
Users	4768423541379612462-1	REQUEST		Home	1446483350569	1446483350581	1446483350595	1446483350595	OK	 
Users	4768423541379612462-1	REQUEST		Home Redirect 1	1446483350596	1446483350607	1446483350626	1446483350626	OK	 
Users	4768423541379612462-0	REQUEST		Search	1446483350733	1446483350745	1446483350798	1446483350798	OK	 
Admins	4768423541379612462-10	REQUEST		Search	1446483350733	1446483350745	1446483350801	1446483350801	KO	css(a:contains('MacBook Pro')).find(0).exists, found nothing
Users	4768423541379612462-2	USER	START	1446483351568	0
Users	4768423541379612462-2	REQUEST		Home	1446483351569	1446483351580	1446483351593	1446483351593	OK	 
Users	4768423541379612462-2	REQUEST		Home Redirect 1	1446483351594	1446483351605	1446483351623	1446483351623	OK	 
Users	4768423541379612462-1	REQUEST		Search	1446483351639	1446483351650	1446483351707	1446483351707	KO	css(a:contains('MacBook Pro')).find(0).exists, found nothing
Admins	4768423541379612462-10	REQUEST		Select	1446483351799	1446483351799	1446483351799	1446483351799	KO	No attribute named 'computerURL' is defined
Users	4768423541379612462-0	REQUEST		Select	1446483351798	1446483351809	1446483351823	1446483351823	OK	 
Users	4768423541379612462-3	USER	START	1446483352569	0
Users	4768423541379612462-3	REQUEST		Home	1446483352569	1446483352580	1446483352593	1446483352593	OK	 
Users	4768423541379612462-3	REQUEST		Home Redirect 1	1446483352594	1446483352608	1446483352628	1446483352628	OK	 
Users	4768423541379612462-2	REQUEST		Search	1446483352639	1446483352650	1446483352704	1446483352704	KO	css(a:contains('MacBook Pro')).find(0).exists, found nothing
Users	4768423541379612462-1	REQUEST		Select	1446483352720	1446483352720	1446483352720	1446483352720	KO	No attribute named 'computerURL' is defined
Users	4768423541379612462-0	REQUEST		Page 0	1446483352818	1446483352831	1446483352853	1446483352853	OK	 
Admins	4768423541379612462-10	REQUEST		Page 0	1446483352818	1446483352831	1446483352854	1446483352854	OK	 
Users	4768423541379612462-4	USER	START	1446483353569	0
Users	4768423541379612462-4	REQUEST		Home	1446483353570	1446483353584	1446483353598	1446483353598	OK	 
Users	4768423541379612462-4	REQUEST		Home Redirect 1	1446483353599	1446483353610	1446483353629	1446483353629	OK	 
Users	4768423541379612462-2	REQUEST		Select	1446483353708	1446483353708	1446483353708	1446483353708	KO	No attribute named 'computerURL' is defined
Users	4768423541379612462-3	REQUEST		Search	1446483353649	1446483353660	1446483353708	1446483353708	OK	 
Users	4768423541379612462-1	REQUEST		Page 0	1446483353719	1446483353730	1446483353748	1446483353748	OK	 
Admins	4768423541379612462-10	REQUEST		Page 1	1446483353849	1446483353860	1446483353878	1446483353878	OK	 
Users	4768423541379612462-0	REQUEST		Page 1	1446483353858	1446483353870	1446483353886	1446483353886	OK	 
Users	4768423541379612462-5	USER	START	1446483354569	0
Admins	4768423541379612462-11	USER	START	1446483354569	0
Admins	4768423541379612462-11	REQUEST		Home	1446483354569	1446483354583	1446483354596	1446483354596	OK	 
Users	4768423541379612462-5	REQUEST		Home	1446483354569	1446483354583	1446483354596	1446483354596	OK	 
Users	4768423541379612462-5	REQUEST		Home Redirect 1	1446483354597	1446483354610	1446483354627	1446483354627	OK	 
Admins	4768423541379612462-11	REQUEST		Home Redirect 1	1446483354597	1446483354608	1446483354627	1446483354627	OK	 
Users	4768423541379612462-4	REQUEST		Search	1446483354648	1446483354663	1446483354721	1446483354721	KO	css(a:contains('MacBook Pro')).find(0).exists, found nothing
Users	4768423541379612462-3	REQUEST		Select	1446483354708	1446483354722	1446483354738	1446483354738	OK	 
Users	4768423541379612462-2	REQUEST		Page 0	1446483354719	1446483354732	1446483354751	1446483354751	OK	 
Users	4768423541379612462-1	REQUEST		Page 1	1446483354749	1446483354761	1446483354781	1446483354781	OK	 
Admins	4768423541379612462-10	REQUEST		Page 2	1446483354879	1446483354894	1446483354916	1446483354916	OK	 
Users	4768423541379612462-0	REQUEST		Page 2	1446483354879	1446483354894	1446483354916	1446483354916	OK	 
Users	4768423541379612462-6	USER	START	1446483355567	0
Users	4768423541379612462-6	REQUEST		Home	1446483355568	1446483355579	1446483355591	1446483355591	OK	 
Users	4768423541379612462-6	REQUEST		Home Redirect 1	1446483355591	1446483355603	1446483355621	1446483355621	OK	 
Users	4768423541379612462-4	REQUEST		Select	1446483355717	1446483355717	1446483355717	1446483355717	KO	No attribute named 'computerURL' is defined
Admins	4768423541379612462-11	REQUEST		Search	1446483355649	1446483355663	1446483355716	1446483355716	OK	 
Users	4768423541379612462-5	REQUEST		Search	1446483355649	1446483355663	1446483355716	1446483355716	OK	 
Users	4768423541379612462-3	REQUEST		Page 0	1446483355740	1446483355751	1446483355770	1446483355770	OK	 
Users	4768423541379612462-2	REQUEST		Page 1	1446483355739	1446483355751	1446483355770	1446483355770	OK	 
Users	4768423541379612462-1	REQUEST		Page 2	1446483355779	1446483355791	1446483355809	1446483355809	OK	 
Admins	4768423541379612462-10	REQUEST		Page 3	1446483355909	1446483355920	1446483355937	1446483355937	OK	 
Users	4768423541379612462-0	REQUEST		Page 3	1446483355919	1446483355930	1446483355946	1446483355946	OK	 
Users	4768423541379612462-7	USER	START	1446483356567	0
Users	4768423541379612462-7	REQUEST		Home	1446483356567	1446483356579	1446483356590	1446483356590	OK	 
Users	4768423541379612462-7	REQUEST		Home Redirect 1	1446483356591	1446483356602	1446483356620	1446483356620	OK	 
Users	4768423541379612462-6	REQUEST		Search	1446483356639	1446483356649	1446483356705	1446483356705	KO	css(a:contains('MacBook Pro')).find(0).exists, found nothing
Users	4768423541379612462-5	REQUEST		Select	1446483356719	1446483356730	1446483356744	1446483356744	OK	 
Admins	4768423541379612462-11	REQUEST		Select	1446483356719	1446483356730	1446483356744	1446483356744	OK	 
Users	4768423541379612462-4	REQUEST		Page 0	1446483356729	1446483356740	1446483356758	1446483356758	OK	 
Users	4768423541379612462-3	REQUEST		Page 1	1446483356769	1446483356780	1446483356798	1446483356798	OK	 
Users	4768423541379612462-2	REQUEST		Page 2	1446483356778	1446483356789	1446483356808	1446483356808	OK	 
Users	4768423541379612462-1	REQUEST		Page 3	1446483356808	1446483356818	1446483356836	1446483356836	OK	 
Users	4768423541379612462-0	USER	END	1446483349549	1446483356956
Admins	4768423541379612462-10	REQUEST		Form	1446483356955	1446483356966	1446483356980	1446483356980	OK	 
Users	4768423541379612462-8	USER	START	1446483357568	0
Users	4768423541379612462-8	REQUEST		Home	1446483357569	1446483357580	1446483357592	1446483357592	OK	 
Users	4768423541379612462-8	REQUEST		Home Redirect 1	1446483357593	1446483357603	1446483357621	1446483357621	OK	 
Users	4768423541379612462-6	REQUEST		Select	1446483357707	1446483357707	1446483357707	1446483357707	KO	No attribute named 'computerURL' is defined
Users	4768423541379612462-7	REQUEST		Search	1446483357640	1446483357651	1446483357707	1446483357707	KO	css(a:contains('MacBook Pro')).find(0).exists, found nothing
Admins	4768423541379612462-11	REQUEST		Page 0	1446483357740	1446483357751	1446483357769	1446483357769	OK	 
Users	4768423541379612462-5	REQUEST		Page 0	1446483357740	1446483357751	1446483357769	1446483357769	OK	 
Users	4768423541379612462-4	REQUEST		Page 1	1446483357758	1446483357769	1446483357786	1446483357786	OK	 
Users	4768423541379612462-3	REQUEST		Page 2	1446483357810	1446483357820	1446483357837	1446483357837	OK	 
Users	4768423541379612462-2	REQUEST		Page 3	1446483357809	1446483357820	1446483357837	1446483357837	OK	 
Users	4768423541379612462-1	USER	END	1446483350569	1446483357849
Admins	4768423541379612462-10	REQUEST		Post	1446483357986	1446483357997	1446483358012	1446483358012	OK	 
Admins	4768423541379612462-10	REQUEST		Post Redirect 1	1446483358020	1446483358031	1446483358049	1446483358049	OK	 
Admins	4768423541379612462-10	USER	END	1446483349553	1446483358055
Users	4768423541379612462-9	USER	START	1446483358568	0
Users	4768423541379612462-9	REQUEST		Home	1446483358569	1446483358581	1446483358594	1446483358594	OK	 
Users	4768423541379612462-9	REQUEST		Home Redirect 1	1446483358595	1446483358605	1446483358624	1446483358624	OK	 
Users	4768423541379612462-8	REQUEST		Search	1446483358639	1446483358651	1446483358706	1446483358706	KO	css(a:contains('MacBook Pro')).find(0).exists, found nothing
Users	4768423541379612462-7	REQUEST		Select	1446483358708	1446483358708	1446483358708	1446483358708	KO	No attribute named 'computerURL' is defined
Users	4768423541379612462-6	REQUEST		Page 0	1446483358718	1446483358731	1446483358750	1446483358750	OK	 
Users	4768423541379612462-5	REQUEST		Page 1	1446483358769	1446483358782	1446483358803	1446483358803	OK	 
Admins	4768423541379612462-11	REQUEST		Page 1	1446483358769	1446483358782	1446483358803	1446483358803	OK	 
Users	4768423541379612462-4	REQUEST		Page 2	1446483358778	1446483358790	1446483358809	1446483358809	OK	 
Users	4768423541379612462-2	USER	END	1446483351568	1446483358840
Users	4768423541379612462-3	REQUEST		Page 3	1446483358840	1446483358851	1446483358869	1446483358869	OK	 
Users	4768423541379612462-8	REQUEST		Select	1446483359710	1446483359710	1446483359710	1446483359710	KO	No attribute named 'computerURL' is defined
Users	4768423541379612462-9	REQUEST		Search	1446483359639	1446483359660	1446483359713	1446483359713	KO	css(a:contains('MacBook Pro')).find(0).exists, found nothing
Users	4768423541379612462-7	REQUEST		Page 0	1446483359711	1446483359721	1446483359740	1446483359740	OK	 
Users	4768423541379612462-6	REQUEST		Page 1	1446483359750	1446483359766	1446483359783	1446483359783	OK	 
Admins	4768423541379612462-11	REQUEST		Page 2	1446483359797	1446483359808	1446483359825	1446483359825	OK	 
Users	4768423541379612462-5	REQUEST		Page 2	1446483359797	1446483359808	1446483359825	1446483359825	OK	 
Users	4768423541379612462-4	REQUEST		Page 3	1446483359819	1446483359829	1446483359845	1446483359845	OK	 
Users	4768423541379612462-3	USER	END	1446483352569	1446483359869
Users	4768423541379612462-9	REQUEST		Select	1446483360719	1446483360719	1446483360719	1446483360719	KO	No attribute named 'computerURL' is defined
Users	4768423541379612462-8	REQUEST		Page 0	1446483360708	1446483360719	1446483360737	1446483360737	OK	 
Users	4768423541379612462-7	REQUEST		Page 1	1446483360737	1446483360748	1446483360764	1446483360764	OK	 
Users	4768423541379612462-6	REQUEST		Page 2	1446483360768	1446483360779	1446483360795	1446483360795	OK	 
Users	4768423541379612462-4	USER	END	1446483353569	1446483360838
Users	4768423541379612462-5	REQUEST		Page 3	1446483360830	1446483360841	1446483360861	1446483360861	OK	 
Admins	4768423541379612462-11	REQUEST		Page 3	1446483360830	1446483360841	1446483360861	1446483360861	OK	 
Users	4768423541379612462-9	REQUEST		Page 0	1446483361730	1446483361740	1446483361759	1446483361759	OK	 
Users	4768423541379612462-8	REQUEST		Page 1	1446483361747	1446483361758	1446483361774	1446483361774	OK	 
Users	4768423541379612462-7	REQUEST		Page 2	1446483361758	1446483361768	1446483361784	1446483361784	OK	 
Users	4768423541379612462-6	REQUEST		Page 3	1446483361798	1446483361810	1446483361831	1446483361831	OK	 
Users	4768423541379612462-5	USER	END	1446483354569	1446483361868
Admins	4768423541379612462-11	REQUEST		Form	1446483361868	1446483361879	1446483361892	1446483361892	OK	 
Users	4768423541379612462-9	REQUEST		Page 1	1446483362758	1446483362770	1446483362790	1446483362790	OK	 
Users	4768423541379612462-8	REQUEST		Page 2	1446483362768	1446483362779	1446483362796	1446483362796	OK	 
Users	4768423541379612462-7	REQUEST		Page 3	1446483362789	1446483362801	1446483362817	1446483362818	OK	 
Users	4768423541379612462-6	USER	END	1446483355567	1446483362839
Admins	4768423541379612462-11	REQUEST		Post	1446483362888	1446483362899	1446483362913	1446483362913	OK	 
Admins	4768423541379612462-11	REQUEST		Post Redirect 1	1446483362914	1446483362925	1446483362944	1446483362944	KO	status.find.is(201), but actually found 200
Admins	4768423541379612462-11	REQUEST		Form	1446483362952	1446483362963	1446483362976	1446483362976	OK	 
Users	4768423541379612462-9	REQUEST		Page 2	1446483363789	1446483363800	1446483363820	1446483363820	OK	 
Users	4768423541379612462-8	REQUEST		Page 3	1446483363790	1446483363800	1446483363820	1446483363820	OK	 
Users	4768423541379612462-7	USER	END	1446483356567	1446483363829
Admins	4768423541379612462-11	REQUEST		Post	1446483363969	1446483363980	1446483363992	1446483363992	OK	 
Admins	4768423541379612462-11	REQUEST		Post Redirect 1	1446483363993	1446483364008	1446483364026	1446483364026	OK	 
Admins	4768423541379612462-11	USER	END	1446483354569	1446483364027
Users	4768423541379612462-8	USER	END	1446483357568	1446483364829
Users	4768423541379612462-9	REQUEST		Page 3	1446483364818	1446483364829	1446483364850	1446483364850	OK	 
Users	4768423541379612462-9	USER	END	1446483358568	1446483365848
