maced.MacedStressSimulation	macedstresssimulation	RUN	1449062939463	 	2.0
Login And View Resources	1070232203203099961-0	USER	START	1449062939481	0
Login And View Resources	1070232203203099961-0	REQUEST		Go To Home Page	1449062939513	1449062939648	1449062942786	1449062942795	OK	 
Login And View Resources	1070232203203099961-0	REQUEST		fastclick.js	1449062942912	1449062942913	1449062942966	1449062942967	OK	 
Login And View Resources	1070232203203099961-0	REQUEST		settings_uat.js	1449062942910	1449062943007	1449062943023	1449062943023	OK	 
Login And View Resources	1070232203203099961-0	REQUEST		gbn8cte.js	1449062942923	1449062943014	1449062943032	1449062943042	OK	 
Login And View Resources	1070232203203099961-0	REQUEST		main-latest.js	1449062942929	1449062943039	1449062943049	1449062943049	OK	 
Login And View Resources	1070232203203099961-0	REQUEST		scripts.js	1449062942913	1449062942954	1449062943063	1449062943063	OK	 
Login And View Resources	1070232203203099961-0	REQUEST		client.js	1449062942921	1449062942966	1449062943064	1449062943064	OK	 
Login And View Resources	1070232203203099961-0	REQUEST		jquery.form.min.js	1449062942915	1449062942960	1449062943068	1449062943068	OK	 
Login And View Resources	1070232203203099961-0	REQUEST		jquery-1.11.3.min.js	1449062942926	1449062943044	1449062943061	1449062943078	OK	 
Login And View Resources	1070232203203099961-0	REQUEST		functions-uat.js	1449062942901	1449062942983	1449062943082	1449062943149	OK	 
Login And View Resources	1070232203203099961-0	REQUEST		scripts.js	1449062942919	1449062942960	1449062943183	1449062943183	OK	 
Login And View Resources	1070232203203099961-0	REQUEST		main-latest.js Redirect 1	1449062943051	1449062943051	1449062943111	1449062943199	OK	 
Login And View Resources	1070232203203099961-0	REQUEST		?dm=27bac6181890453140bce750f0370dbc&action=load&blogid=28&siteid=1&t=102701067&back=https%3A%2F%2Fskillful-uat.macmillan.education%2F	1449062942946	1449062943107	1449062943597	1449062943597	OK	 
Login And View Resources	1070232203203099961-0	REQUEST		Click On Login Button	1449062944623	1449062944810	1449062944895	1449062944895	OK	 
Login And View Resources	1070232203203099961-0	REQUEST	Submit Valid Login Details	postLoginDetails	1449062945912	1449062945913	1449062946627	1449062946627	OK	 
Login And View Resources	1070232203203099961-0	REQUEST	Submit Valid Login Details	getResourcePage	1449062946631	1449062946632	1449062946878	1449062946878	OK	 
Login And View Resources	1070232203203099961-0	REQUEST	Submit Valid Login Details	getResourcePage Redirect 1	1449062946880	1449062946881	1449062949456	1449062949457	OK	 
Login And View Resources	1070232203203099961-0	GROUP	Submit Valid Login Details	1449062945910	1449062949466	3551	2	0	OK
Login And View Resources	1070232203203099961-0	REQUEST	Go To The ResourcePage	postRDC	1449062949467	1449062949468	1449062949524	1449062949524	OK	 
Login And View Resources	1070232203203099961-0	REQUEST	Go To The ResourcePage	getResourcePage	1449062949729	1449062949730	1449062950176	1449062950176	OK	 
Login And View Resources	1070232203203099961-0	REQUEST	Go To The ResourcePage	getResourcePage Redirect 1	1449062950177	1449062950178	1449062952385	1449062952386	KO	regex(LS1).find(0).exists, found nothing
Login And View Resources	1070232203203099961-0	REQUEST	Go To The ResourcePage	settings_uat.js Redirect 1	1449062952415	1449062952416	1449062952430	1449062952430	OK	 
Login And View Resources	1070232203203099961-0	REQUEST	Go To The ResourcePage	jquery.form.min.js Redirect 1	1449062952413	1449062952414	1449062952438	1449062952438	OK	 
Login And View Resources	1070232203203099961-0	REQUEST	Go To The ResourcePage	scripts.js Redirect 1	1449062952412	1449062952413	1449062952438	1449062952438	OK	 
Login And View Resources	1070232203203099961-0	REQUEST	Go To The ResourcePage	fastclick.js Redirect 1	1449062952411	1449062952412	1449062952438	1449062952438	OK	 
Login And View Resources	1070232203203099961-0	REQUEST	Go To The ResourcePage	scripts.js Redirect 1	1449062952414	1449062952414	1449062952439	1449062952439	OK	 
Login And View Resources	1070232203203099961-0	REQUEST	Go To The ResourcePage	client.js Redirect 1	1449062952414	1449062952415	1449062952441	1449062952441	OK	 
Login And View Resources	1070232203203099961-0	REQUEST	Go To The ResourcePage	functions-uat.js Redirect 1	1449062952415	1449062952415	1449062952508	1449062952508	OK	 
Login And View Resources	1070232203203099961-0	REQUEST	Go To The ResourcePage	main-latest.js Redirect 2	1449062952417	1449062952417	1449062952484	1449062952604	OK	 
Login And View Resources	1070232203203099961-0	REQUEST	Go To The ResourcePage	?dm=27bac6181890453140bce750f0370dbc&action=load&blogid=28&siteid=1&t=1657881226&back=https%3A%2F%2Fskillful-uat.macmillan.education%2F Redirect 1	1449062952416	1449062952417	1449062952667	1449062952667	OK	 
Login And View Resources	1070232203203099961-0	GROUP	Go To The ResourcePage	1449062949466	1449062952668	7643	23	1	KO
Login And View Resources	1070232203203099961-0	USER	END	1449062939481	1449062952677
