maced.MacedStressSimulation	macedstresssimulation	RUN	1448891694584	 	2.0
RecordedSimulation	844869446662731546-0	USER	START	1448891694601	0
RecordedSimulation	844869446662731546-1	USER	START	1448891694820	0
RecordedSimulation	844869446662731546-2	USER	START	1448891695019	0
RecordedSimulation	844869446662731546-3	USER	START	1448891695219	0
RecordedSimulation	844869446662731546-4	USER	START	1448891695419	0
RecordedSimulation	844869446662731546-1	REQUEST		Home	1448891694821	1448891694857	1448891698987	1448891698993	OK	 
RecordedSimulation	844869446662731546-3	REQUEST		Home	1448891695219	1448891695252	1448891699033	1448891699038	OK	 
RecordedSimulation	844869446662731546-3	REQUEST		?dm=27bac6181890453140bce750f0370dbc&action=load&blogid=28&siteid=1&t=1166970499&back=https%3A%2F%2Fskillful-uat.macmillan.education%2F	1448891699110	1448891699226	1448891699624	1448891699624	OK	 
RecordedSimulation	844869446662731546-1	REQUEST		?dm=27bac6181890453140bce750f0370dbc&action=load&blogid=28&siteid=1&t=112732335&back=https%3A%2F%2Fskillful-uat.macmillan.education%2F	1448891699110	1448891699231	1448891699656	1448891699657	OK	 
RecordedSimulation	844869446662731546-0	REQUEST		Home	1448891694629	1448891694808	1448891700181	1448891700187	OK	 
RecordedSimulation	844869446662731546-0	REQUEST		?dm=27bac6181890453140bce750f0370dbc&action=load&blogid=28&siteid=1&t=2067054078&back=https%3A%2F%2Fskillful-uat.macmillan.education%2F	1448891700195	1448891700226	1448891700475	1448891700475	OK	 
RecordedSimulation	844869446662731546-2	REQUEST		Home	1448891695020	1448891695054	1448891700730	1448891700732	OK	 
RecordedSimulation	844869446662731546-2	REQUEST		?dm=27bac6181890453140bce750f0370dbc&action=load&blogid=28&siteid=1&t=86269474&back=https%3A%2F%2Fskillful-uat.macmillan.education%2F	1448891700738	1448891700769	1448891701023	1448891701023	OK	 
RecordedSimulation	844869446662731546-4	REQUEST		Home	1448891695420	1448891695454	1448891701034	1448891701036	OK	 
RecordedSimulation	844869446662731546-3	REQUEST		clickLoginButton	1448891700654	1448891700970	1448891701078	1448891701078	OK	 
RecordedSimulation	844869446662731546-1	REQUEST		clickLoginButton	1448891700857	1448891700978	1448891701079	1448891701079	OK	 
RecordedSimulation	844869446662731546-4	REQUEST		?dm=27bac6181890453140bce750f0370dbc&action=load&blogid=28&siteid=1&t=1793328409&back=https%3A%2F%2Fskillful-uat.macmillan.education%2F	1448891701041	1448891701071	1448891701342	1448891701342	OK	 
RecordedSimulation	844869446662731546-0	REQUEST		clickLoginButton	1448891701490	1448891701523	1448891701642	1448891701642	OK	 
RecordedSimulation	844869446662731546-2	REQUEST		clickLoginButton	1448891702040	1448891702121	1448891702268	1448891702268	OK	 
RecordedSimulation	844869446662731546-3	REQUEST		postLoginDetails	1448891702090	1448891702091	1448891702511	1448891702511	OK	 
RecordedSimulation	844869446662731546-4	REQUEST		clickLoginButton	1448891702359	1448891702407	1448891702528	1448891702528	OK	 
RecordedSimulation	844869446662731546-1	REQUEST		postLoginDetails	1448891702088	1448891702090	1448891702553	1448891702553	OK	 
RecordedSimulation	844869446662731546-3	REQUEST		getResourceList1	1448891702514	1448891702515	1448891702575	1448891702575	OK	 
RecordedSimulation	844869446662731546-1	REQUEST		getResourceList1	1448891702556	1448891702557	1448891702601	1448891702602	OK	 
RecordedSimulation	844869446662731546-3	REQUEST		getResourceList2	1448891702515	1448891702552	1448891702674	1448891702674	OK	 
RecordedSimulation	844869446662731546-3	REQUEST		getResourceList3	1448891702516	1448891702552	1448891702679	1448891702679	OK	 
RecordedSimulation	844869446662731546-1	REQUEST		getResourceList3	1448891702558	1448891702603	1448891702731	1448891702731	OK	 
RecordedSimulation	844869446662731546-1	REQUEST		getResourceList2	1448891702557	1448891702603	1448891702748	1448891702748	OK	 
RecordedSimulation	844869446662731546-3	REQUEST		getResourcePage	1448891702513	1448891702514	1448891702755	1448891702755	OK	 
RecordedSimulation	844869446662731546-1	REQUEST		getResourcePage	1448891702555	1448891702556	1448891702765	1448891702765	OK	 
RecordedSimulation	844869446662731546-0	REQUEST		postLoginDetails	1448891702649	1448891702650	1448891703126	1448891703126	OK	 
RecordedSimulation	844869446662731546-0	REQUEST		getResourceList1	1448891703130	1448891703130	1448891703175	1448891703175	OK	 
RecordedSimulation	844869446662731546-0	REQUEST		getResourceList3	1448891703132	1448891703176	1448891703297	1448891703297	OK	 
RecordedSimulation	844869446662731546-0	REQUEST		getResourceList2	1448891703130	1448891703176	1448891703307	1448891703307	OK	 
RecordedSimulation	844869446662731546-0	REQUEST		getResourcePage	1448891703128	1448891703129	1448891703468	1448891703468	OK	 
RecordedSimulation	844869446662731546-2	REQUEST		postLoginDetails	1448891703278	1448891703279	1448891703904	1448891703904	OK	 
RecordedSimulation	844869446662731546-4	REQUEST		postLoginDetails	1448891703540	1448891703541	1448891703935	1448891703935	OK	 
RecordedSimulation	844869446662731546-2	REQUEST		getResourceList1	1448891703907	1448891703908	1448891703946	1448891703946	OK	 
RecordedSimulation	844869446662731546-4	REQUEST		getResourceList1	1448891703939	1448891703940	1448891703975	1448891703975	OK	 
RecordedSimulation	844869446662731546-2	REQUEST		getResourceList3	1448891703910	1448891703940	1448891704066	1448891704066	OK	 
RecordedSimulation	844869446662731546-2	REQUEST		getResourceList2	1448891703908	1448891703938	1448891704067	1448891704067	OK	 
RecordedSimulation	844869446662731546-4	REQUEST		getResourceList2	1448891703940	1448891703969	1448891704075	1448891704075	OK	 
RecordedSimulation	844869446662731546-4	REQUEST		getResourceList3	1448891703942	1448891703971	1448891704079	1448891704079	OK	 
RecordedSimulation	844869446662731546-2	REQUEST		getResourcePage	1448891703906	1448891703907	1448891704128	1448891704128	OK	 
RecordedSimulation	844869446662731546-4	REQUEST		getResourcePage	1448891703938	1448891703939	1448891704655	1448891704655	OK	 
RecordedSimulation	844869446662731546-1	REQUEST		getResourcePage Redirect 1	1448891702767	1448891702767	1448891706549	1448891706551	OK	 
RecordedSimulation	844869446662731546-2	REQUEST		getResourcePage Redirect 1	1448891704129	1448891704130	1448891707576	1448891707577	OK	 
RecordedSimulation	844869446662731546-1	REQUEST		postRDC	1448891707549	1448891707550	1448891707602	1448891707602	OK	 
RecordedSimulation	844869446662731546-1	REQUEST		postResourceCheck2	1448891707606	1448891707607	1448891707647	1448891707647	OK	 
RecordedSimulation	844869446662731546-1	REQUEST		postResourceCheck1	1448891707605	1448891707606	1448891707650	1448891707650	OK	 
RecordedSimulation	844869446662731546-3	REQUEST		getResourcePage Redirect 1	1448891702757	1448891702758	1448891707794	1448891707795	OK	 
RecordedSimulation	844869446662731546-1	REQUEST		getResources2	1448891707706	1448891707847	1448891707865	1448891707865	OK	 
RecordedSimulation	844869446662731546-1	REQUEST		getResources1	1448891707607	1448891707847	1448891707868	1448891707868	OK	 
RecordedSimulation	844869446662731546-1	USER	END	1448891694820	1448891707873
RecordedSimulation	844869446662731546-2	REQUEST		postRDC	1448891708580	1448891708580	1448891708617	1448891708617	OK	 
RecordedSimulation	844869446662731546-0	REQUEST		getResourcePage Redirect 1	1448891703469	1448891703470	1448891708641	1448891708642	OK	 
RecordedSimulation	844869446662731546-2	REQUEST		postResourceCheck2	1448891708620	1448891708621	1448891708657	1448891708657	OK	 
RecordedSimulation	844869446662731546-2	REQUEST		postResourceCheck1	1448891708619	1448891708620	1448891708660	1448891708660	OK	 
RecordedSimulation	844869446662731546-2	REQUEST		getResources1	1448891708621	1448891708655	1448891708729	1448891708729	OK	 
RecordedSimulation	844869446662731546-2	REQUEST		getResources2	1448891708623	1448891708660	1448891708744	1448891708744	OK	 
RecordedSimulation	844869446662731546-2	USER	END	1448891695019	1448891708747
RecordedSimulation	844869446662731546-3	REQUEST		postRDC	1448891708790	1448891708791	1448891708828	1448891708828	OK	 
RecordedSimulation	844869446662731546-3	REQUEST		postResourceCheck2	1448891708831	1448891708832	1448891708867	1448891708867	OK	 
RecordedSimulation	844869446662731546-3	REQUEST		postResourceCheck1	1448891708830	1448891708831	1448891708869	1448891708869	OK	 
RecordedSimulation	844869446662731546-3	REQUEST		getResources1	1448891708832	1448891708865	1448891708948	1448891708948	OK	 
RecordedSimulation	844869446662731546-3	REQUEST		getResources2	1448891708833	1448891708875	1448891708952	1448891708952	OK	 
RecordedSimulation	844869446662731546-3	USER	END	1448891695219	1448891708957
RecordedSimulation	844869446662731546-4	REQUEST		getResourcePage Redirect 1	1448891704656	1448891704657	1448891709386	1448891709387	OK	 
RecordedSimulation	844869446662731546-0	REQUEST		postRDC	1448891709649	1448891709650	1448891709703	1448891709703	OK	 
RecordedSimulation	844869446662731546-0	REQUEST		postResourceCheck1	1448891709705	1448891709706	1448891709751	1448891709751	OK	 
RecordedSimulation	844869446662731546-0	REQUEST		postResourceCheck2	1448891709706	1448891709707	1448891709764	1448891709764	OK	 
RecordedSimulation	844869446662731546-0	REQUEST		getResources1	1448891709707	1448891709741	1448891709830	1448891709830	OK	 
RecordedSimulation	844869446662731546-0	REQUEST		getResources2	1448891709708	1448891709743	1448891709831	1448891709831	OK	 
RecordedSimulation	844869446662731546-0	USER	END	1448891694601	1448891709834
RecordedSimulation	844869446662731546-4	REQUEST		postRDC	1448891710390	1448891710391	1448891710440	1448891710440	OK	 
RecordedSimulation	844869446662731546-4	REQUEST		postResourceCheck2	1448891710443	1448891710444	1448891710488	1448891710488	OK	 
RecordedSimulation	844869446662731546-4	REQUEST		postResourceCheck1	1448891710442	1448891710443	1448891710491	1448891710491	OK	 
RecordedSimulation	844869446662731546-4	REQUEST		getResources2	1448891710445	1448891710479	1448891710573	1448891710573	OK	 
RecordedSimulation	844869446662731546-4	REQUEST		getResources1	1448891710444	1448891710479	1448891710576	1448891710576	OK	 
RecordedSimulation	844869446662731546-4	USER	END	1448891695419	1448891710580
RecordedSimulation	844869446662731546-5	USER	START	1448891725617	0
RecordedSimulation	844869446662731546-6	USER	START	1448891725819	0
RecordedSimulation	844869446662731546-7	USER	START	1448891726019	0
RecordedSimulation	844869446662731546-8	USER	START	1448891726228	0
RecordedSimulation	844869446662731546-9	USER	START	1448891726428	0
RecordedSimulation	844869446662731546-6	REQUEST		Home	1448891725820	1448891725864	1448891730049	1448891730050	OK	 
RecordedSimulation	844869446662731546-7	REQUEST		Home	1448891726019	1448891726091	1448891730378	1448891730379	OK	 
RecordedSimulation	844869446662731546-6	REQUEST		?dm=27bac6181890453140bce750f0370dbc&action=load&blogid=28&siteid=1&t=1510959468&back=https%3A%2F%2Fskillful-uat.macmillan.education%2F	1448891730055	1448891730089	1448891730468	1448891730468	OK	 
RecordedSimulation	844869446662731546-7	REQUEST		?dm=27bac6181890453140bce750f0370dbc&action=load&blogid=28&siteid=1&t=979425674&back=https%3A%2F%2Fskillful-uat.macmillan.education%2F	1448891730384	1448891730433	1448891730728	1448891730728	OK	 
RecordedSimulation	844869446662731546-5	REQUEST		Home	1448891725618	1448891725648	1448891731622	1448891731625	OK	 
RecordedSimulation	844869446662731546-6	REQUEST		clickLoginButton	1448891731489	1448891731522	1448891731637	1448891731637	OK	 
RecordedSimulation	844869446662731546-7	REQUEST		clickLoginButton	1448891731748	1448891731781	1448891731877	1448891731877	OK	 
RecordedSimulation	844869446662731546-5	REQUEST		?dm=27bac6181890453140bce750f0370dbc&action=load&blogid=28&siteid=1&t=292732130&back=https%3A%2F%2Fskillful-uat.macmillan.education%2F	1448891731630	1448891731660	1448891731928	1448891731928	OK	 
RecordedSimulation	844869446662731546-8	REQUEST		Home	1448891726229	1448891726291	1448891732366	1448891732368	OK	 
RecordedSimulation	844869446662731546-9	REQUEST		Home	1448891726429	1448891726485	1448891732604	1448891732606	OK	 
RecordedSimulation	844869446662731546-8	REQUEST		?dm=27bac6181890453140bce750f0370dbc&action=load&blogid=28&siteid=1&t=1040084469&back=https%3A%2F%2Fskillful-uat.macmillan.education%2F	1448891732372	1448891732410	1448891732664	1448891732664	OK	 
RecordedSimulation	844869446662731546-9	REQUEST		?dm=27bac6181890453140bce750f0370dbc&action=load&blogid=28&siteid=1&t=763453521&back=https%3A%2F%2Fskillful-uat.macmillan.education%2F	1448891732610	1448891732637	1448891732852	1448891732852	OK	 
RecordedSimulation	844869446662731546-5	REQUEST		clickLoginButton	1448891732950	1448891732980	1448891733109	1448891733109	OK	 
RecordedSimulation	844869446662731546-6	REQUEST		postLoginDetails	1448891732628	1448891732629	1448891733242	1448891733242	OK	 
RecordedSimulation	844869446662731546-6	REQUEST		getResourceList1	1448891733245	1448891733246	1448891733282	1448891733282	OK	 
RecordedSimulation	844869446662731546-6	REQUEST		getResourceList3	1448891733247	1448891733281	1448891733385	1448891733385	OK	 
RecordedSimulation	844869446662731546-6	REQUEST		getResourceList2	1448891733246	1448891733279	1448891733390	1448891733390	OK	 
RecordedSimulation	844869446662731546-7	REQUEST		postLoginDetails	1448891732889	1448891732890	1448891733493	1448891733493	OK	 
RecordedSimulation	844869446662731546-7	REQUEST		getResourceList1	1448891733496	1448891733496	1448891733536	1448891733536	OK	 
RecordedSimulation	844869446662731546-7	REQUEST		getResourceList3	1448891733498	1448891733536	1448891733624	1448891733624	OK	 
RecordedSimulation	844869446662731546-7	REQUEST		getResourceList2	1448891733496	1448891733535	1448891733629	1448891733629	OK	 
RecordedSimulation	844869446662731546-7	REQUEST		getResourcePage	1448891733495	1448891733496	1448891733714	1448891733714	OK	 
RecordedSimulation	844869446662731546-8	REQUEST		clickLoginButton	1448891733678	1448891733710	1448891733800	1448891733800	OK	 
RecordedSimulation	844869446662731546-9	REQUEST		clickLoginButton	1448891733870	1448891733916	1448891734004	1448891734004	OK	 
RecordedSimulation	844869446662731546-5	REQUEST		postLoginDetails	1448891734110	1448891734110	1448891734646	1448891734646	OK	 
RecordedSimulation	844869446662731546-5	REQUEST		getResourceList1	1448891734649	1448891734649	1448891734705	1448891734705	OK	 
RecordedSimulation	844869446662731546-5	REQUEST		getResourceList3	1448891734650	1448891734704	1448891734820	1448891734820	OK	 
RecordedSimulation	844869446662731546-5	REQUEST		getResourceList2	1448891734649	1448891734704	1448891734825	1448891734825	OK	 
RecordedSimulation	844869446662731546-5	REQUEST		getResourcePage	1448891734648	1448891734649	1448891734847	1448891734847	OK	 
RecordedSimulation	844869446662731546-6	REQUEST		getResourcePage	1448891733244	1448891733245	1448891735007	1448891735007	OK	 
RecordedSimulation	844869446662731546-8	REQUEST		postLoginDetails	1448891734810	1448891734811	1448891735319	1448891735319	OK	 
RecordedSimulation	844869446662731546-8	REQUEST		getResourceList1	1448891735322	1448891735323	1448891735367	1448891735367	OK	 
RecordedSimulation	844869446662731546-9	REQUEST		postLoginDetails	1448891735008	1448891735008	1448891735446	1448891735446	OK	 
RecordedSimulation	844869446662731546-8	REQUEST		getResourceList3	1448891735324	1448891735356	1448891735450	1448891735450	OK	 
RecordedSimulation	844869446662731546-8	REQUEST		getResourceList2	1448891735323	1448891735355	1448891735452	1448891735452	OK	 
RecordedSimulation	844869446662731546-9	REQUEST		getResourceList1	1448891735449	1448891735449	1448891735485	1448891735485	OK	 
RecordedSimulation	844869446662731546-9	REQUEST		getResourceList2	1448891735449	1448891735486	1448891735580	1448891735580	OK	 
RecordedSimulation	844869446662731546-9	REQUEST		getResourceList3	1448891735451	1448891735488	1448891735589	1448891735589	OK	 
RecordedSimulation	844869446662731546-8	REQUEST		getResourcePage	1448891735321	1448891735322	1448891737281	1448891737281	OK	 
RecordedSimulation	844869446662731546-9	REQUEST		getResourcePage	1448891735448	1448891735449	1448891737830	1448891737830	OK	 
RecordedSimulation	844869446662731546-5	REQUEST		getResourcePage Redirect 1	1448891734848	1448891734849	1448891739043	1448891739047	OK	 
RecordedSimulation	844869446662731546-6	REQUEST		getResourcePage Redirect 1	1448891735008	1448891735009	1448891739401	1448891739402	OK	 
RecordedSimulation	844869446662731546-5	REQUEST		postRDC	1448891740059	1448891740060	1448891740131	1448891740131	OK	 
RecordedSimulation	844869446662731546-5	REQUEST		postResourceCheck2	1448891740134	1448891740134	1448891740231	1448891740231	OK	 
RecordedSimulation	844869446662731546-5	REQUEST		postResourceCheck1	1448891740133	1448891740134	1448891740232	1448891740232	OK	 
RecordedSimulation	844869446662731546-7	REQUEST		getResourcePage Redirect 1	1448891733715	1448891733715	1448891740357	1448891740358	OK	 
RecordedSimulation	844869446662731546-5	REQUEST		getResources2	1448891740136	1448891740210	1448891740359	1448891740359	OK	 
RecordedSimulation	844869446662731546-5	REQUEST		getResources1	1448891740134	1448891740210	1448891740360	1448891740360	OK	 
RecordedSimulation	844869446662731546-5	USER	END	1448891725617	1448891740362
RecordedSimulation	844869446662731546-6	REQUEST		postRDC	1448891740410	1448891740411	1448891740456	1448891740456	OK	 
RecordedSimulation	844869446662731546-6	REQUEST		postResourceCheck1	1448891740458	1448891740459	1448891740506	1448891740506	OK	 
RecordedSimulation	844869446662731546-6	REQUEST		postResourceCheck2	1448891740459	1448891740459	1448891740517	1448891740517	OK	 
RecordedSimulation	844869446662731546-6	REQUEST		getResources2	1448891740461	1448891740499	1448891740585	1448891740585	OK	 
RecordedSimulation	844869446662731546-6	REQUEST		getResources1	1448891740459	1448891740499	1448891740585	1448891740585	OK	 
RecordedSimulation	844869446662731546-6	USER	END	1448891725819	1448891740586
RecordedSimulation	844869446662731546-7	REQUEST		postRDC	1448891741348	1448891741349	1448891741405	1448891741405	OK	 
RecordedSimulation	844869446662731546-7	REQUEST		postResourceCheck2	1448891741408	1448891741408	1448891741447	1448891741447	OK	 
RecordedSimulation	844869446662731546-7	REQUEST		postResourceCheck1	1448891741407	1448891741408	1448891741452	1448891741452	OK	 
RecordedSimulation	844869446662731546-7	REQUEST		getResources2	1448891741409	1448891741441	1448891741535	1448891741535	OK	 
RecordedSimulation	844869446662731546-7	REQUEST		getResources1	1448891741408	1448891741441	1448891741537	1448891741537	OK	 
RecordedSimulation	844869446662731546-7	USER	END	1448891726019	1448891741538
RecordedSimulation	844869446662731546-9	REQUEST		getResourcePage Redirect 1	1448891737831	1448891737832	1448891741609	1448891741610	OK	 
RecordedSimulation	844869446662731546-8	REQUEST		getResourcePage Redirect 1	1448891737282	1448891737282	1448891742187	1448891742187	OK	 
RecordedSimulation	844869446662731546-9	REQUEST		postRDC	1448891742608	1448891742608	1448891742645	1448891742645	OK	 
RecordedSimulation	844869446662731546-9	REQUEST		postResourceCheck2	1448891742647	1448891742647	1448891742683	1448891742683	OK	 
RecordedSimulation	844869446662731546-9	REQUEST		postResourceCheck1	1448891742647	1448891742647	1448891742689	1448891742689	OK	 
RecordedSimulation	844869446662731546-9	REQUEST		getResources1	1448891742648	1448891742680	1448891742772	1448891742772	OK	 
RecordedSimulation	844869446662731546-9	REQUEST		getResources2	1448891742648	1448891742680	1448891742773	1448891742773	OK	 
RecordedSimulation	844869446662731546-9	USER	END	1448891726428	1448891742775
RecordedSimulation	844869446662731546-8	REQUEST		postRDC	1448891743180	1448891743180	1448891743229	1448891743229	OK	 
RecordedSimulation	844869446662731546-8	REQUEST		postResourceCheck2	1448891743232	1448891743233	1448891743273	1448891743273	OK	 
RecordedSimulation	844869446662731546-8	REQUEST		postResourceCheck1	1448891743231	1448891743232	1448891743273	1448891743273	OK	 
RecordedSimulation	844869446662731546-8	REQUEST		getResources2	1448891743234	1448891743264	1448891743346	1448891743346	OK	 
RecordedSimulation	844869446662731546-8	REQUEST		getResources1	1448891743233	1448891743263	1448891743347	1448891743347	OK	 
RecordedSimulation	844869446662731546-8	USER	END	1448891726228	1448891743349
