maced.MacedStressSimulation	macedstresssimulation	RUN	1448905484478	 	2.0
Login And View Resources	1236735584373195222-0	USER	START	1448905484498	0
Login And View Resources	1236735584373195222-0	REQUEST		Go To Home Page	1448905484533	1448905484644	1448905488174	1448905488180	OK	 
Login And View Resources	1236735584373195222-0	REQUEST		?dm=27bac6181890453140bce750f0370dbc&action=load&blogid=28&siteid=1&t=1835182719&back=https%3A%2F%2Fskillful-uat.macmillan.education%2F	1448905488285	1448905488388	1448905488698	1448905488698	OK	 
Login And View Resources	1236735584373195222-0	REQUEST		Click On Login Button	1448905489732	1448905489858	1448905489915	1448905489915	OK	 
Login And View Resources	1236735584373195222-0	REQUEST	Submit Valid Login Details	postLoginDetails	1448905490922	1448905490923	1448905491482	1448905491482	OK	 
Login And View Resources	1236735584373195222-0	REQUEST	Submit Valid Login Details	getResourceList1	1448905491487	1448905491488	1448905491523	1448905491523	OK	 
Login And View Resources	1236735584373195222-0	REQUEST	Submit Valid Login Details	getResourceList3	1448905491490	1448905491520	1448905491617	1448905491617	OK	 
Login And View Resources	1236735584373195222-0	REQUEST	Submit Valid Login Details	getResourceList2	1448905491488	1448905491519	1448905491631	1448905491631	OK	 
Login And View Resources	1236735584373195222-0	REQUEST	Submit Valid Login Details	getResourcePage	1448905491485	1448905491487	1448905491849	1448905491849	OK	 
Login And View Resources	1236735584373195222-0	REQUEST	Submit Valid Login Details	getResourcePage Redirect 1	1448905491851	1448905491852	1448905494807	1448905494813	KO	regex(Resource Packs).find(0).exists, found nothing
Login And View Resources	1236735584373195222-0	GROUP	Submit Valid Login Details	1448905490920	1448905494824	3899	4	1	KO
Login And View Resources	1236735584373195222-0	REQUEST	Go To The ResourcePage	postRDC	1448905494825	1448905494826	1448905494902	1448905494902	OK	 
Login And View Resources	1236735584373195222-0	REQUEST	Go To The ResourcePage	postResourceCheck2	1448905494907	1448905494909	1448905494951	1448905494951	OK	 
Login And View Resources	1236735584373195222-0	REQUEST	Go To The ResourcePage	postResourceCheck1	1448905494906	1448905494907	1448905494951	1448905494951	OK	 
Login And View Resources	1236735584373195222-0	REQUEST	Go To The ResourcePage	getResources2	1448905494932	1448905495065	1448905495083	1448905495083	OK	 
Login And View Resources	1236735584373195222-0	REQUEST	Go To The ResourcePage	getResources1	1448905494909	1448905495066	1448905495087	1448905495087	OK	 
Login And View Resources	1236735584373195222-0	REQUEST	Go To The ResourcePage	getResourcePage	1448905494905	1448905494906	1448905495269	1448905495269	OK	 
Login And View Resources	1236735584373195222-0	REQUEST	Go To The ResourcePage	getResourcePage Redirect 1	1448905495270	1448905495271	1448905498540	1448905498545	OK	 
Login And View Resources	1236735584373195222-0	GROUP	Go To The ResourcePage	1448905494825	1448905498547	3720	6	0	OK
Login And View Resources	1236735584373195222-0	USER	END	1448905484498	1448905498552
