maced.MacedStressSimulation	macedstresssimulation	RUN	1448892214073	 	2.0
RecordedSimulation	7514922210217082767-0	USER	START	1448892214090	0
RecordedSimulation	7514922210217082767-1	USER	START	1448892214305	0
RecordedSimulation	7514922210217082767-2	USER	START	1448892214504	0
RecordedSimulation	7514922210217082767-3	USER	START	1448892214705	0
RecordedSimulation	7514922210217082767-4	USER	START	1448892214905	0
RecordedSimulation	7514922210217082767-3	REQUEST		Home	1448892214706	1448892214736	1448892221057	1448892221063	OK	 
RecordedSimulation	7514922210217082767-2	REQUEST		Home	1448892214504	1448892214536	1448892221832	1448892221838	OK	 
RecordedSimulation	7514922210217082767-1	REQUEST		Home	1448892214306	1448892214338	1448892222166	1448892222171	OK	 
RecordedSimulation	7514922210217082767-0	REQUEST		Home	1448892214113	1448892214230	1448892222363	1448892222365	OK	 
RecordedSimulation	7514922210217082767-4	REQUEST		Home	1448892214905	1448892214938	1448892222542	1448892222544	OK	 
RecordedSimulation	7514922210217082767-1	REQUEST		?dm=27bac6181890453140bce750f0370dbc&action=load&blogid=28&siteid=1&t=956618876&back=https%3A%2F%2Fskillful-uat.macmillan.education%2F	1448892222179	1448892222210	1448892222784	1448892222784	OK	 
RecordedSimulation	7514922210217082767-3	REQUEST		?dm=27bac6181890453140bce750f0370dbc&action=load&blogid=28&siteid=1&t=1483492337&back=https%3A%2F%2Fskillful-uat.macmillan.education%2F	1448892221171	1448892221291	1448892222921	1448892222921	OK	 
RecordedSimulation	7514922210217082767-4	REQUEST		?dm=27bac6181890453140bce750f0370dbc&action=load&blogid=28&siteid=1&t=1183221130&back=https%3A%2F%2Fskillful-uat.macmillan.education%2F	1448892222549	1448892222577	1448892222974	1448892222974	OK	 
RecordedSimulation	7514922210217082767-2	REQUEST		?dm=27bac6181890453140bce750f0370dbc&action=load&blogid=28&siteid=1&t=603430006&back=https%3A%2F%2Fskillful-uat.macmillan.education%2F	1448892221848	1448892221878	1448892222988	1448892222988	OK	 
RecordedSimulation	7514922210217082767-0	REQUEST		?dm=27bac6181890453140bce750f0370dbc&action=load&blogid=28&siteid=1&t=1942992765&back=https%3A%2F%2Fskillful-uat.macmillan.education%2F	1448892222371	1448892222402	1448892223251	1448892223251	OK	 
RecordedSimulation	7514922210217082767-3	REQUEST		clickLoginButton	1448892223935	1448892224045	1448892224110	1448892224110	OK	 
RecordedSimulation	7514922210217082767-1	REQUEST		clickLoginButton	1448892223810	1448892223996	1448892224153	1448892224153	OK	 
RecordedSimulation	7514922210217082767-4	REQUEST		clickLoginButton	1448892223996	1448892224027	1448892224161	1448892224161	OK	 
RecordedSimulation	7514922210217082767-2	REQUEST		clickLoginButton	1448892224006	1448892224037	1448892224177	1448892224177	OK	 
RecordedSimulation	7514922210217082767-0	REQUEST		clickLoginButton	1448892224264	1448892224295	1448892224381	1448892224381	OK	 
RecordedSimulation	7514922210217082767-1	REQUEST		postLoginDetails	1448892225166	1448892225167	1448892226498	1448892226498	OK	 
RecordedSimulation	7514922210217082767-1	REQUEST		getResourceList1	1448892226502	1448892226503	1448892226538	1448892226538	OK	 
RecordedSimulation	7514922210217082767-1	REQUEST		getResourceList3	1448892226505	1448892226533	1448892226625	1448892226625	OK	 
RecordedSimulation	7514922210217082767-1	REQUEST		getResourceList2	1448892226503	1448892226532	1448892226639	1448892226639	OK	 
RecordedSimulation	7514922210217082767-3	REQUEST		postLoginDetails	1448892225116	1448892225117	1448892226688	1448892226689	OK	 
RecordedSimulation	7514922210217082767-3	REQUEST		getResourceList1	1448892226692	1448892226693	1448892226728	1448892226728	OK	 
RecordedSimulation	7514922210217082767-2	REQUEST		postLoginDetails	1448892225187	1448892225188	1448892226749	1448892226749	OK	 
RecordedSimulation	7514922210217082767-4	REQUEST		postLoginDetails	1448892225156	1448892225157	1448892226761	1448892226761	OK	 
RecordedSimulation	7514922210217082767-2	REQUEST		getResourceList1	1448892226753	1448892226754	1448892226796	1448892226796	OK	 
RecordedSimulation	7514922210217082767-4	REQUEST		getResourceList1	1448892226764	1448892226765	1448892226808	1448892226808	OK	 
RecordedSimulation	7514922210217082767-3	REQUEST		getResourceList2	1448892226693	1448892226724	1448892226826	1448892226826	OK	 
RecordedSimulation	7514922210217082767-0	REQUEST		postLoginDetails	1448892225386	1448892225387	1448892226828	1448892226828	OK	 
RecordedSimulation	7514922210217082767-3	REQUEST		getResourceList3	1448892226694	1448892226724	1448892226841	1448892226841	OK	 
RecordedSimulation	7514922210217082767-1	REQUEST		getResourcePage	1448892226501	1448892226502	1448892226857	1448892226858	OK	 
RecordedSimulation	7514922210217082767-2	REQUEST		getResourceList2	1448892226754	1448892226783	1448892226884	1448892226884	OK	 
RecordedSimulation	7514922210217082767-2	REQUEST		getResourceList3	1448892226756	1448892226784	1448892226886	1448892226886	OK	 
RecordedSimulation	7514922210217082767-4	REQUEST		getResourceList3	1448892226766	1448892226795	1448892226889	1448892226889	OK	 
RecordedSimulation	7514922210217082767-4	REQUEST		getResourceList2	1448892226765	1448892226796	1448892226889	1448892226889	OK	 
RecordedSimulation	7514922210217082767-0	REQUEST		getResourceList1	1448892226831	1448892226832	1448892226890	1448892226890	OK	 
RecordedSimulation	7514922210217082767-0	REQUEST		getResourceList2	1448892226832	1448892226860	1448892226945	1448892226946	OK	 
RecordedSimulation	7514922210217082767-0	REQUEST		getResourceList3	1448892226833	1448892226864	1448892226950	1448892226950	OK	 
RecordedSimulation	7514922210217082767-3	REQUEST		getResourcePage	1448892226691	1448892226692	1448892227245	1448892227245	OK	 
RecordedSimulation	7514922210217082767-2	REQUEST		getResourcePage	1448892226751	1448892226753	1448892227302	1448892227302	OK	 
RecordedSimulation	7514922210217082767-4	REQUEST		getResourcePage	1448892226763	1448892226764	1448892227353	1448892227353	OK	 
RecordedSimulation	7514922210217082767-0	REQUEST		getResourcePage	1448892226830	1448892226831	1448892227772	1448892227772	OK	 
RecordedSimulation	7514922210217082767-2	REQUEST		getResourcePage Redirect 1	1448892227303	1448892227305	1448892231525	1448892231527	OK	 
RecordedSimulation	7514922210217082767-3	REQUEST		getResourcePage Redirect 1	1448892227245	1448892227246	1448892231642	1448892231643	OK	 
RecordedSimulation	7514922210217082767-2	REQUEST		postRDC	1448892232527	1448892232528	1448892232593	1448892232593	OK	 
RecordedSimulation	7514922210217082767-2	REQUEST		postResourceCheck1	1448892232596	1448892232597	1448892232637	1448892232637	OK	 
RecordedSimulation	7514922210217082767-2	REQUEST		postResourceCheck2	1448892232597	1448892232597	1448892232653	1448892232653	OK	 
RecordedSimulation	7514922210217082767-3	REQUEST		postRDC	1448892232646	1448892232647	1448892232689	1448892232689	OK	 
RecordedSimulation	7514922210217082767-3	REQUEST		postResourceCheck2	1448892232692	1448892232693	1448892232731	1448892232731	OK	 
RecordedSimulation	7514922210217082767-3	REQUEST		postResourceCheck1	1448892232691	1448892232692	1448892232735	1448892232735	OK	 
RecordedSimulation	7514922210217082767-2	REQUEST		getResources2	1448892232691	1448892232832	1448892232853	1448892232853	OK	 
RecordedSimulation	7514922210217082767-3	REQUEST		getResources1	1448892232693	1448892232832	1448892232857	1448892232857	OK	 
RecordedSimulation	7514922210217082767-2	REQUEST		getResources1	1448892232598	1448892232837	1448892232868	1448892232868	OK	 
RecordedSimulation	7514922210217082767-3	REQUEST		getResources2	1448892232695	1448892232847	1448892232868	1448892232868	OK	 
RecordedSimulation	7514922210217082767-2	USER	END	1448892214504	1448892232873
RecordedSimulation	7514922210217082767-3	USER	END	1448892214705	1448892232876
RecordedSimulation	7514922210217082767-1	REQUEST		getResourcePage Redirect 1	1448892226859	1448892226859	1448892233795	1448892233796	OK	 
RecordedSimulation	7514922210217082767-4	REQUEST		getResourcePage Redirect 1	1448892227353	1448892227354	1448892233849	1448892233850	OK	 
RecordedSimulation	7514922210217082767-0	REQUEST		getResourcePage Redirect 1	1448892227773	1448892227774	1448892234137	1448892234138	OK	 
RecordedSimulation	7514922210217082767-1	REQUEST		postRDC	1448892234794	1448892234795	1448892234864	1448892234864	OK	 
RecordedSimulation	7514922210217082767-4	REQUEST		postRDC	1448892234854	1448892234854	1448892234897	1448892234897	OK	 
RecordedSimulation	7514922210217082767-1	REQUEST		postResourceCheck1	1448892234866	1448892234866	1448892234907	1448892234907	OK	 
RecordedSimulation	7514922210217082767-1	REQUEST		postResourceCheck2	1448892234867	1448892234867	1448892234925	1448892234925	OK	 
RecordedSimulation	7514922210217082767-4	REQUEST		postResourceCheck2	1448892234901	1448892234901	1448892234936	1448892234936	OK	 
RecordedSimulation	7514922210217082767-4	REQUEST		postResourceCheck1	1448892234900	1448892234901	1448892234938	1448892234938	OK	 
RecordedSimulation	7514922210217082767-1	REQUEST		getResources1	1448892234867	1448892234900	1448892234998	1448892234998	OK	 
RecordedSimulation	7514922210217082767-1	REQUEST		getResources2	1448892234869	1448892234900	1448892234999	1448892234999	OK	 
RecordedSimulation	7514922210217082767-1	USER	END	1448892214305	1448892235001
RecordedSimulation	7514922210217082767-4	REQUEST		getResources1	1448892234901	1448892234934	1448892235027	1448892235027	OK	 
RecordedSimulation	7514922210217082767-4	REQUEST		getResources2	1448892234902	1448892234934	1448892235028	1448892235028	OK	 
RecordedSimulation	7514922210217082767-4	USER	END	1448892214905	1448892235030
RecordedSimulation	7514922210217082767-0	REQUEST		postRDC	1448892235146	1448892235147	1448892235183	1448892235183	OK	 
RecordedSimulation	7514922210217082767-0	REQUEST		postResourceCheck2	1448892235186	1448892235186	1448892235221	1448892235221	OK	 
RecordedSimulation	7514922210217082767-0	REQUEST		postResourceCheck1	1448892235185	1448892235186	1448892235223	1448892235223	OK	 
RecordedSimulation	7514922210217082767-0	REQUEST		getResources1	1448892235186	1448892235224	1448892235317	1448892235317	OK	 
RecordedSimulation	7514922210217082767-0	REQUEST		getResources2	1448892235188	1448892235224	1448892235319	1448892235319	OK	 
RecordedSimulation	7514922210217082767-0	USER	END	1448892214090	1448892235323
RecordedSimulation	7514922210217082767-5	USER	START	1448892245105	0
RecordedSimulation	7514922210217082767-6	USER	START	1448892245315	0
RecordedSimulation	7514922210217082767-7	USER	START	1448892245513	0
RecordedSimulation	7514922210217082767-8	USER	START	1448892245715	0
RecordedSimulation	7514922210217082767-9	USER	START	1448892245915	0
RecordedSimulation	7514922210217082767-6	REQUEST		Home	1448892245316	1448892245346	1448892249489	1448892249490	OK	 
RecordedSimulation	7514922210217082767-8	REQUEST		Home	1448892245716	1448892245746	1448892249583	1448892249586	OK	 
RecordedSimulation	7514922210217082767-6	REQUEST		?dm=27bac6181890453140bce750f0370dbc&action=load&blogid=28&siteid=1&t=672913326&back=https%3A%2F%2Fskillful-uat.macmillan.education%2F	1448892249495	1448892249524	1448892249836	1448892249836	OK	 
RecordedSimulation	7514922210217082767-8	REQUEST		?dm=27bac6181890453140bce750f0370dbc&action=load&blogid=28&siteid=1&t=501218451&back=https%3A%2F%2Fskillful-uat.macmillan.education%2F	1448892249591	1448892249621	1448892249977	1448892249977	OK	 
RecordedSimulation	7514922210217082767-6	REQUEST		clickLoginButton	1448892250854	1448892250886	1448892251047	1448892251047	OK	 
RecordedSimulation	7514922210217082767-8	REQUEST		clickLoginButton	1448892250996	1448892251027	1448892251115	1448892251115	OK	 
RecordedSimulation	7514922210217082767-5	REQUEST		Home	1448892245105	1448892245146	1448892251207	1448892251208	OK	 
RecordedSimulation	7514922210217082767-9	REQUEST		Home	1448892245916	1448892245945	1448892251210	1448892251213	OK	 
RecordedSimulation	7514922210217082767-7	REQUEST		Home	1448892245514	1448892245545	1448892251376	1448892251377	OK	 
RecordedSimulation	7514922210217082767-9	REQUEST		?dm=27bac6181890453140bce750f0370dbc&action=load&blogid=28&siteid=1&t=422961661&back=https%3A%2F%2Fskillful-uat.macmillan.education%2F	1448892251218	1448892251245	1448892251513	1448892251513	OK	 
RecordedSimulation	7514922210217082767-7	REQUEST		?dm=27bac6181890453140bce750f0370dbc&action=load&blogid=28&siteid=1&t=1751805844&back=https%3A%2F%2Fskillful-uat.macmillan.education%2F	1448892251381	1448892251411	1448892251700	1448892251700	OK	 
RecordedSimulation	7514922210217082767-5	REQUEST		?dm=27bac6181890453140bce750f0370dbc&action=load&blogid=28&siteid=1&t=1314162575&back=https%3A%2F%2Fskillful-uat.macmillan.education%2F	1448892251214	1448892251243	1448892251858	1448892251858	OK	 
RecordedSimulation	7514922210217082767-9	REQUEST		clickLoginButton	1448892252536	1448892252568	1448892252662	1448892252662	OK	 
RecordedSimulation	7514922210217082767-8	REQUEST		postLoginDetails	1448892252126	1448892252127	1448892252681	1448892252681	OK	 
RecordedSimulation	7514922210217082767-6	REQUEST		postLoginDetails	1448892252057	1448892252058	1448892252728	1448892252728	OK	 
RecordedSimulation	7514922210217082767-8	REQUEST		getResourceList1	1448892252684	1448892252685	1448892252738	1448892252738	OK	 
RecordedSimulation	7514922210217082767-6	REQUEST		getResourceList1	1448892252730	1448892252731	1448892252779	1448892252779	OK	 
RecordedSimulation	7514922210217082767-8	REQUEST		getResourceList3	1448892252686	1448892252741	1448892252834	1448892252834	OK	 
RecordedSimulation	7514922210217082767-8	REQUEST		getResourceList2	1448892252685	1448892252741	1448892252839	1448892252839	OK	 
RecordedSimulation	7514922210217082767-7	REQUEST		clickLoginButton	1448892252714	1448892252772	1448892252872	1448892252872	OK	 
RecordedSimulation	7514922210217082767-6	REQUEST		getResourceList2	1448892252731	1448892252785	1448892252878	1448892252878	OK	 
RecordedSimulation	7514922210217082767-6	REQUEST		getResourceList3	1448892252732	1448892252791	1448892252882	1448892252882	OK	 
RecordedSimulation	7514922210217082767-8	REQUEST		getResourcePage	1448892252683	1448892252686	1448892252896	1448892252896	OK	 
RecordedSimulation	7514922210217082767-5	REQUEST		clickLoginButton	1448892252876	1448892252909	1448892253000	1448892253000	OK	 
RecordedSimulation	7514922210217082767-6	REQUEST		getResourcePage	1448892252730	1448892252730	1448892253462	1448892253462	OK	 
RecordedSimulation	7514922210217082767-9	REQUEST		postLoginDetails	1448892253656	1448892253657	1448892254053	1448892254053	OK	 
RecordedSimulation	7514922210217082767-9	REQUEST		getResourceList1	1448892254055	1448892254056	1448892254092	1448892254092	OK	 
RecordedSimulation	7514922210217082767-9	REQUEST		getResourceList2	1448892254056	1448892254088	1448892254176	1448892254176	OK	 
RecordedSimulation	7514922210217082767-9	REQUEST		getResourceList3	1448892254058	1448892254089	1448892254178	1448892254178	OK	 
RecordedSimulation	7514922210217082767-7	REQUEST		postLoginDetails	1448892253875	1448892253876	1448892254432	1448892254432	OK	 
RecordedSimulation	7514922210217082767-5	REQUEST		postLoginDetails	1448892254006	1448892254007	1448892254466	1448892254466	OK	 
RecordedSimulation	7514922210217082767-7	REQUEST		getResourceList1	1448892254434	1448892254435	1448892254477	1448892254477	OK	 
RecordedSimulation	7514922210217082767-5	REQUEST		getResourceList1	1448892254468	1448892254469	1448892254508	1448892254508	OK	 
RecordedSimulation	7514922210217082767-7	REQUEST		getResourceList2	1448892254435	1448892254464	1448892254554	1448892254554	OK	 
RecordedSimulation	7514922210217082767-7	REQUEST		getResourceList3	1448892254436	1448892254464	1448892254556	1448892254556	OK	 
RecordedSimulation	7514922210217082767-5	REQUEST		getResourceList3	1448892254470	1448892254501	1448892254591	1448892254591	OK	 
RecordedSimulation	7514922210217082767-5	REQUEST		getResourceList2	1448892254469	1448892254501	1448892254591	1448892254591	OK	 
RecordedSimulation	7514922210217082767-7	REQUEST		getResourcePage	1448892254434	1448892254434	1448892254676	1448892254676	OK	 
RecordedSimulation	7514922210217082767-9	REQUEST		getResourcePage	1448892254055	1448892254055	1448892254853	1448892254853	OK	 
RecordedSimulation	7514922210217082767-5	REQUEST		getResourcePage	1448892254468	1448892254468	1448892255807	1448892255807	OK	 
RecordedSimulation	7514922210217082767-8	REQUEST		getResourcePage Redirect 1	1448892252897	1448892252897	1448892258449	1448892258450	OK	 
RecordedSimulation	7514922210217082767-6	REQUEST		getResourcePage Redirect 1	1448892253463	1448892253463	1448892259151	1448892259158	OK	 
RecordedSimulation	7514922210217082767-8	REQUEST		postRDC	1448892259445	1448892259446	1448892259628	1448892259628	OK	 
RecordedSimulation	7514922210217082767-8	REQUEST		postResourceCheck2	1448892259631	1448892259631	1448892259667	1448892259667	OK	 
RecordedSimulation	7514922210217082767-8	REQUEST		postResourceCheck1	1448892259630	1448892259631	1448892259672	1448892259672	OK	 
RecordedSimulation	7514922210217082767-8	REQUEST		getResources1	1448892259631	1448892259664	1448892259742	1448892259742	OK	 
RecordedSimulation	7514922210217082767-8	REQUEST		getResources2	1448892259633	1448892259676	1448892259768	1448892259768	OK	 
RecordedSimulation	7514922210217082767-8	USER	END	1448892245715	1448892259770
RecordedSimulation	7514922210217082767-9	REQUEST		getResourcePage Redirect 1	1448892254854	1448892254855	1448892259803	1448892259804	OK	 
RecordedSimulation	7514922210217082767-7	REQUEST		getResourcePage Redirect 1	1448892254677	1448892254677	1448892260129	1448892260132	OK	 
RecordedSimulation	7514922210217082767-6	REQUEST		postRDC	1448892260154	1448892260155	1448892260190	1448892260190	OK	 
RecordedSimulation	7514922210217082767-6	REQUEST		postResourceCheck2	1448892260192	1448892260193	1448892260229	1448892260229	OK	 
RecordedSimulation	7514922210217082767-6	REQUEST		postResourceCheck1	1448892260192	1448892260192	1448892260231	1448892260231	OK	 
RecordedSimulation	7514922210217082767-6	REQUEST		getResources2	1448892260194	1448892260225	1448892260309	1448892260309	OK	 
RecordedSimulation	7514922210217082767-6	REQUEST		getResources1	1448892260193	1448892260225	1448892260309	1448892260309	OK	 
RecordedSimulation	7514922210217082767-6	USER	END	1448892245315	1448892260311
RecordedSimulation	7514922210217082767-5	REQUEST		getResourcePage Redirect 1	1448892255808	1448892255809	1448892260614	1448892260615	OK	 
RecordedSimulation	7514922210217082767-9	REQUEST		postRDC	1448892260816	1448892260817	1448892260852	1448892260852	OK	 
RecordedSimulation	7514922210217082767-9	REQUEST		postResourceCheck2	1448892260855	1448892260855	1448892260895	1448892260895	OK	 
RecordedSimulation	7514922210217082767-9	REQUEST		postResourceCheck1	1448892260854	1448892260854	1448892260896	1448892260896	OK	 
RecordedSimulation	7514922210217082767-9	REQUEST		getResources2	1448892260856	1448892260888	1448892260965	1448892260965	OK	 
RecordedSimulation	7514922210217082767-9	REQUEST		getResources1	1448892260855	1448892260888	1448892260966	1448892260966	OK	 
RecordedSimulation	7514922210217082767-9	USER	END	1448892245915	1448892260967
RecordedSimulation	7514922210217082767-7	REQUEST		postRDC	1448892261134	1448892261135	1448892261172	1448892261172	OK	 
RecordedSimulation	7514922210217082767-7	REQUEST		postResourceCheck2	1448892261174	1448892261175	1448892261212	1448892261212	OK	 
RecordedSimulation	7514922210217082767-7	REQUEST		postResourceCheck1	1448892261174	1448892261174	1448892261215	1448892261215	OK	 
RecordedSimulation	7514922210217082767-7	REQUEST		getResources2	1448892261176	1448892261207	1448892261288	1448892261288	OK	 
RecordedSimulation	7514922210217082767-7	REQUEST		getResources1	1448892261175	1448892261207	1448892261290	1448892261290	OK	 
RecordedSimulation	7514922210217082767-7	USER	END	1448892245513	1448892261292
RecordedSimulation	7514922210217082767-5	REQUEST		postRDC	1448892261616	1448892261617	1448892261652	1448892261652	OK	 
RecordedSimulation	7514922210217082767-5	REQUEST		postResourceCheck2	1448892261655	1448892261655	1448892261695	1448892261695	OK	 
RecordedSimulation	7514922210217082767-5	REQUEST		postResourceCheck1	1448892261654	1448892261655	1448892261696	1448892261696	OK	 
RecordedSimulation	7514922210217082767-5	REQUEST		getResources1	1448892261655	1448892261689	1448892261763	1448892261764	OK	 
RecordedSimulation	7514922210217082767-5	REQUEST		getResources2	1448892261656	1448892261689	1448892261765	1448892261765	OK	 
RecordedSimulation	7514922210217082767-5	USER	END	1448892245105	1448892261766
